TpTrace Verbose: 0 : 55724, 1, 2023/10/09, 15:59:57.888, 3935811730757, vstest.console.dll, Version: 17.5.0-release-20221220-01 Current process architecture: X64
TpTrace Verbose: 0 : 55724, 1, 2023/10/09, 15:59:57.892, 3935811769747, vstest.console.dll, Runtime location: C:\Program Files\dotnet\shared\Microsoft.NETCore.App\7.0.3
TpTrace Verbose: 0 : 55724, 1, 2023/10/09, 15:59:57.900, 3935811844922, vstest.console.dll, ArtifactProcessingPostProcessModeProcessorExecutor.Initialize: ArtifactProcessingMode.Collect
TpTrace Verbose: 0 : 55724, 1, 2023/10/09, 15:59:57.900, 3935811847744, vstest.console.dll, TestSessionCorrelationIdProcessorModeProcessorExecutor.Initialize: TestSessionCorrelationId '40708_36947a49-7e4a-4c9f-85a3-d534b0a90272'
TpTrace Information: 0 : 55724, 1, 2023/10/09, 15:59:57.917, 3935812014288, vstest.console.dll, FilePatternParser: The given file C:\Users\Jack.Boston\source\repos\OhpenApi\OhpenApi.Tests\bin\Debug\net6.0\fine-code-coverage\build-output\OhpenApi.Tests.dll is a full path.
TpTrace Verbose: 0 : 55724, 1, 2023/10/09, 15:59:57.933, 3935812173848, vstest.console.dll, TestPluginCache.DiscoverTestExtensions: finding test extensions in assemblies ends with: RuntimeProvider.dll TPluginInfo: Microsoft.VisualStudio.TestPlatform.Common.ExtensionFramework.Utilities.TestRuntimePluginInformation TExtension: Microsoft.VisualStudio.TestPlatform.ObjectModel.Host.ITestRuntimeProvider
TpTrace Verbose: 0 : 55724, 1, 2023/10/09, 15:59:57.933, 3935812181303, vstest.console.dll, TestPluginCache.GetExtensionPaths: Filtered extension paths: 
TpTrace Verbose: 0 : 55724, 1, 2023/10/09, 15:59:57.934, 3935812182886, vstest.console.dll, TestPluginCache.GetExtensionPaths: Added default extension paths: C:\Program Files\dotnet\sdk\7.0.200\Extensions\Microsoft.Diagnostics.NETCore.Client.dll
C:\Program Files\dotnet\sdk\7.0.200\Extensions\Microsoft.TestPlatform.Extensions.BlameDataCollector.dll
C:\Program Files\dotnet\sdk\7.0.200\Extensions\Microsoft.TestPlatform.Extensions.EventLogCollector.dll
C:\Program Files\dotnet\sdk\7.0.200\Extensions\Microsoft.TestPlatform.TestHostRuntimeProvider.dll
C:\Program Files\dotnet\sdk\7.0.200\Extensions\Microsoft.VisualStudio.TestPlatform.Extensions.Html.TestLogger.dll
C:\Program Files\dotnet\sdk\7.0.200\Extensions\Microsoft.VisualStudio.TestPlatform.Extensions.Trx.TestLogger.dll
TpTrace Verbose: 0 : 55724, 1, 2023/10/09, 15:59:57.934, 3935812183934, vstest.console.dll, TestPluginCache.GetExtensionPaths: Added unfilterableExtensionPaths: 
TpTrace Information: 0 : 55724, 1, 2023/10/09, 15:59:57.935, 3935812200859, vstest.console.dll, AssemblyResolver.ctor: Creating AssemblyResolver with searchDirectories C:\Program Files\dotnet\sdk\7.0.200\Extensions,C:\Program Files\dotnet\sdk\7.0.200
TpTrace Verbose: 0 : 55724, 1, 2023/10/09, 15:59:57.938, 3935812228279, vstest.console.dll, TestPluginCache.DiscoverTestExtensions: Discovering the extensions using extension path.
TpTrace Verbose: 0 : 55724, 1, 2023/10/09, 15:59:57.938, 3935812230068, vstest.console.dll, TestPluginCache.GetExtensionPaths: Filtered extension paths: 
TpTrace Verbose: 0 : 55724, 1, 2023/10/09, 15:59:57.938, 3935812230570, vstest.console.dll, TestPluginCache.GetExtensionPaths: Added default extension paths: C:\Program Files\dotnet\sdk\7.0.200\Extensions\Microsoft.Diagnostics.NETCore.Client.dll
C:\Program Files\dotnet\sdk\7.0.200\Extensions\Microsoft.TestPlatform.Extensions.BlameDataCollector.dll
C:\Program Files\dotnet\sdk\7.0.200\Extensions\Microsoft.TestPlatform.Extensions.EventLogCollector.dll
C:\Program Files\dotnet\sdk\7.0.200\Extensions\Microsoft.TestPlatform.TestHostRuntimeProvider.dll
C:\Program Files\dotnet\sdk\7.0.200\Extensions\Microsoft.VisualStudio.TestPlatform.Extensions.Html.TestLogger.dll
C:\Program Files\dotnet\sdk\7.0.200\Extensions\Microsoft.VisualStudio.TestPlatform.Extensions.Trx.TestLogger.dll
TpTrace Verbose: 0 : 55724, 1, 2023/10/09, 15:59:57.938, 3935812230944, vstest.console.dll, TestPluginCache.GetExtensionPaths: Added unfilterableExtensionPaths: 
TpTrace Verbose: 0 : 55724, 1, 2023/10/09, 15:59:57.938, 3935812232048, vstest.console.dll, TestPluginCache.DiscoverTestExtensions: Discovering the extensions using allExtensionPaths: C:\Program Files\dotnet\sdk\7.0.200\Extensions\Microsoft.Diagnostics.NETCore.Client.dll
C:\Program Files\dotnet\sdk\7.0.200\Extensions\Microsoft.TestPlatform.Extensions.BlameDataCollector.dll
C:\Program Files\dotnet\sdk\7.0.200\Extensions\Microsoft.TestPlatform.Extensions.EventLogCollector.dll
C:\Program Files\dotnet\sdk\7.0.200\Extensions\Microsoft.TestPlatform.TestHostRuntimeProvider.dll
C:\Program Files\dotnet\sdk\7.0.200\Extensions\Microsoft.VisualStudio.TestPlatform.Extensions.Html.TestLogger.dll
C:\Program Files\dotnet\sdk\7.0.200\Extensions\Microsoft.VisualStudio.TestPlatform.Extensions.Trx.TestLogger.dll
TpTrace Information: 0 : 55724, 1, 2023/10/09, 15:59:57.939, 3935812234201, vstest.console.dll, AssemblyResolver.AddSearchDirectories: Adding more searchDirectories C:\Program Files\dotnet\sdk\7.0.200\Extensions,C:\Program Files\dotnet\sdk\7.0.200
TpTrace Information: 0 : 55724, 1, 2023/10/09, 15:59:57.939, 3935812235158, vstest.console.dll, AssemblyResolver.AddSearchDirectories: Adding more searchDirectories C:\Program Files\dotnet\sdk\7.0.200\Extensions,C:\Program Files\dotnet\sdk\7.0.200
TpTrace Information: 0 : 55724, 1, 2023/10/09, 15:59:57.939, 3935812235634, vstest.console.dll, AssemblyResolver.AddSearchDirectories: Adding more searchDirectories C:\Program Files\dotnet\sdk\7.0.200\Extensions,C:\Program Files\dotnet\sdk\7.0.200
TpTrace Information: 0 : 55724, 1, 2023/10/09, 15:59:57.939, 3935812235921, vstest.console.dll, AssemblyResolver.AddSearchDirectories: Adding more searchDirectories C:\Program Files\dotnet\sdk\7.0.200\Extensions,C:\Program Files\dotnet\sdk\7.0.200
TpTrace Information: 0 : 55724, 1, 2023/10/09, 15:59:57.939, 3935812236197, vstest.console.dll, AssemblyResolver.AddSearchDirectories: Adding more searchDirectories C:\Program Files\dotnet\sdk\7.0.200\Extensions,C:\Program Files\dotnet\sdk\7.0.200
TpTrace Information: 0 : 55724, 1, 2023/10/09, 15:59:57.939, 3935812237322, vstest.console.dll, AssemblyResolver.AddSearchDirectories: Adding more searchDirectories C:\Program Files\dotnet\sdk\7.0.200\Extensions,C:\Program Files\dotnet\sdk\7.0.200
TpTrace Information: 0 : 55724, 1, 2023/10/09, 15:59:57.940, 3935812244331, vstest.console.dll, AssemblyResolver.OnResolve: Microsoft.Diagnostics.NETCore.Client: Resolving assembly.
TpTrace Information: 0 : 55724, 1, 2023/10/09, 15:59:57.940, 3935812245656, vstest.console.dll, AssemblyResolver.OnResolve: Microsoft.Diagnostics.NETCore.Client: Searching in: 'C:\Program Files\dotnet\sdk\7.0.200\Extensions'.
TpTrace Information: 0 : 55724, 1, 2023/10/09, 15:59:57.963, 3935812473527, vstest.console.dll, AssemblyResolver.OnResolve: Microsoft.Diagnostics.NETCore.Client: Loading assembly 'C:\Program Files\dotnet\sdk\7.0.200\Extensions\Microsoft.Diagnostics.NETCore.Client.dll'.
TpTrace Information: 0 : 55724, 1, 2023/10/09, 15:59:57.965, 3935812497899, vstest.console.dll, AssemblyResolver.OnResolve: Resolved assembly: Microsoft.Diagnostics.NETCore.Client, from path: C:\Program Files\dotnet\sdk\7.0.200\Extensions\Microsoft.Diagnostics.NETCore.Client.dll
TpTrace Verbose: 0 : 55724, 1, 2023/10/09, 15:59:57.968, 3935812524301, vstest.console.dll, MetadataReaderExtensionsHelper: Discovering extensions inside assembly 'Microsoft.Diagnostics.NETCore.Client, Version=0.2.6.42401, Culture=neutral, PublicKeyToken=31bf3856ad364e35' file path 'C:\Program Files\dotnet\sdk\7.0.200\Extensions\Microsoft.Diagnostics.NETCore.Client.dll'
TpTrace Information: 0 : 55724, 1, 2023/10/09, 15:59:57.974, 3935812587063, vstest.console.dll, AssemblyResolver.OnResolve: Microsoft.Bcl.AsyncInterfaces: Resolving assembly.
TpTrace Information: 0 : 55724, 1, 2023/10/09, 15:59:57.974, 3935812590382, vstest.console.dll, AssemblyResolver.OnResolve: Microsoft.Bcl.AsyncInterfaces: Searching in: 'C:\Program Files\dotnet\sdk\7.0.200\Extensions'.
TpTrace Information: 0 : 55724, 1, 2023/10/09, 15:59:57.975, 3935812592494, vstest.console.dll, AssemblyResolver.OnResolve: Microsoft.Bcl.AsyncInterfaces: Assembly path does not exist: 'C:\Program Files\dotnet\sdk\7.0.200\Extensions\Microsoft.Bcl.AsyncInterfaces.dll', returning.
TpTrace Information: 0 : 55724, 1, 2023/10/09, 15:59:57.975, 3935812594758, vstest.console.dll, AssemblyResolver.OnResolve: Microsoft.Bcl.AsyncInterfaces: Assembly path does not exist: 'C:\Program Files\dotnet\sdk\7.0.200\Extensions\Microsoft.Bcl.AsyncInterfaces.exe', returning.
TpTrace Information: 0 : 55724, 1, 2023/10/09, 15:59:57.975, 3935812595491, vstest.console.dll, AssemblyResolver.OnResolve: Microsoft.Bcl.AsyncInterfaces: Searching in: 'C:\Program Files\dotnet\sdk\7.0.200'.
TpTrace Information: 0 : 55724, 1, 2023/10/09, 15:59:57.975, 3935812596427, vstest.console.dll, AssemblyResolver.OnResolve: Microsoft.Bcl.AsyncInterfaces: Assembly path does not exist: 'C:\Program Files\dotnet\sdk\7.0.200\Microsoft.Bcl.AsyncInterfaces.dll', returning.
TpTrace Information: 0 : 55724, 1, 2023/10/09, 15:59:57.975, 3935812599223, vstest.console.dll, AssemblyResolver.OnResolve: Microsoft.Bcl.AsyncInterfaces: Assembly path does not exist: 'C:\Program Files\dotnet\sdk\7.0.200\Microsoft.Bcl.AsyncInterfaces.exe', returning.
TpTrace Information: 0 : 55724, 1, 2023/10/09, 15:59:57.975, 3935812599994, vstest.console.dll, AssemblyResolver.OnResolve: Microsoft.Bcl.AsyncInterfaces: Failed to load assembly.
TpTrace Verbose: 0 : 55724, 1, 2023/10/09, 15:59:57.975, 3935812600635, vstest.console.dll, CurrentDomainAssemblyResolve: Resolving assembly 'Microsoft.Bcl.AsyncInterfaces'.
TpTrace Information: 0 : 55724, 1, 2023/10/09, 15:59:57.975, 3935812601756, vstest.console.dll, AssemblyResolver.OnResolve: Microsoft.Bcl.AsyncInterfaces: Resolving assembly.
TpTrace Information: 0 : 55724, 1, 2023/10/09, 15:59:57.975, 3935812602331, vstest.console.dll, AssemblyResolver.OnResolve: Microsoft.Bcl.AsyncInterfaces: Resolved from cache.
TpTrace Verbose: 0 : 55724, 1, 2023/10/09, 15:59:57.976, 3935812602808, vstest.console.dll, CurrentDomainAssemblyResolve: Resolving assembly 'Microsoft.Bcl.AsyncInterfaces'.
TpTrace Verbose: 0 : 55724, 1, 2023/10/09, 15:59:57.976, 3935812603371, vstest.console.dll, CurrentDomainAssemblyResolve: Failed to resolve assembly 'Microsoft.Bcl.AsyncInterfaces'.
TpTrace Verbose: 0 : 55724, 1, 2023/10/09, 15:59:57.984, 3935812686118, vstest.console.dll, CurrentDomainAssemblyResolve: Failed to resolve assembly 'Microsoft.Bcl.AsyncInterfaces'.
TpTrace Warning: 0 : 55724, 1, 2023/10/09, 15:59:58.004, 3935812888496, vstest.console.dll, TestPluginDiscoverer: Failed to get types from assembly 'Microsoft.Diagnostics.NETCore.Client, Version=0.2.6.42401, Culture=neutral, PublicKeyToken=31bf3856ad364e35'. Error: System.Reflection.ReflectionTypeLoadException: Unable to load one or more of the requested types.
Could not load file or assembly 'Microsoft.Bcl.AsyncInterfaces, Version=1.0.0.0, Culture=neutral, PublicKeyToken=cc7b13ffcd2ddd51'. The system cannot find the file specified.
   at System.Reflection.RuntimeModule.GetTypes(RuntimeModule module)
   at System.Reflection.Assembly.GetTypes()
   at Microsoft.VisualStudio.TestPlatform.Common.ExtensionFramework.TestPluginDiscoverer.GetTestExtensionsFromAssembly[TPluginInfo,TExtension](Assembly assembly, Dictionary`2 pluginInfos, String filePath)
System.IO.FileNotFoundException: Could not load file or assembly 'Microsoft.Bcl.AsyncInterfaces, Version=1.0.0.0, Culture=neutral, PublicKeyToken=cc7b13ffcd2ddd51'. The system cannot find the file specified.
File name: 'Microsoft.Bcl.AsyncInterfaces, Version=1.0.0.0, Culture=neutral, PublicKeyToken=cc7b13ffcd2ddd51'
 ---> System.IO.FileNotFoundException: Could not load file or assembly 'Microsoft.Bcl.AsyncInterfaces, Culture=neutral, PublicKeyToken=null'. The system cannot find the file specified.
File name: 'Microsoft.Bcl.AsyncInterfaces, Culture=neutral, PublicKeyToken=null'
   at System.Reflection.RuntimeAssembly.InternalLoad(AssemblyName assemblyName, StackCrawlMark& stackMark, AssemblyLoadContext assemblyLoadContext, RuntimeAssembly requestingAssembly, Boolean throwOnFileNotFound)
   at System.Reflection.Assembly.Load(AssemblyName assemblyRef)
   at Microsoft.VisualStudio.TestPlatform.Common.ExtensionFramework.TestPluginCache.CurrentDomainAssemblyResolve(Object sender, AssemblyResolveEventArgs args)
   at System.Runtime.Loader.AssemblyLoadContext.GetFirstResolvedAssemblyFromResolvingEvent(AssemblyName assemblyName)
   at System.Runtime.Loader.AssemblyLoadContext.ResolveUsingEvent(AssemblyName assemblyName)
   at System.Runtime.Loader.AssemblyLoadContext.ResolveUsingResolvingEvent(IntPtr gchManagedAssemblyLoadContext, AssemblyName assemblyName)
TpTrace Warning: 0 : 55724, 1, 2023/10/09, 15:59:58.006, 3935812903054, vstest.console.dll, LoaderExceptions: System.IO.FileNotFoundException: Could not load file or assembly 'Microsoft.Bcl.AsyncInterfaces, Version=1.0.0.0, Culture=neutral, PublicKeyToken=cc7b13ffcd2ddd51'. The system cannot find the file specified.
File name: 'Microsoft.Bcl.AsyncInterfaces, Version=1.0.0.0, Culture=neutral, PublicKeyToken=cc7b13ffcd2ddd51'
 ---> System.IO.FileNotFoundException: Could not load file or assembly 'Microsoft.Bcl.AsyncInterfaces, Culture=neutral, PublicKeyToken=null'. The system cannot find the file specified.
File name: 'Microsoft.Bcl.AsyncInterfaces, Culture=neutral, PublicKeyToken=null'
   at System.Reflection.RuntimeAssembly.InternalLoad(AssemblyName assemblyName, StackCrawlMark& stackMark, AssemblyLoadContext assemblyLoadContext, RuntimeAssembly requestingAssembly, Boolean throwOnFileNotFound)
   at System.Reflection.Assembly.Load(AssemblyName assemblyRef)
   at Microsoft.VisualStudio.TestPlatform.Common.ExtensionFramework.TestPluginCache.CurrentDomainAssemblyResolve(Object sender, AssemblyResolveEventArgs args)
   at System.Runtime.Loader.AssemblyLoadContext.GetFirstResolvedAssemblyFromResolvingEvent(AssemblyName assemblyName)
   at System.Runtime.Loader.AssemblyLoadContext.ResolveUsingEvent(AssemblyName assemblyName)
   at System.Runtime.Loader.AssemblyLoadContext.ResolveUsingResolvingEvent(IntPtr gchManagedAssemblyLoadContext, AssemblyName assemblyName)
TpTrace Information: 0 : 55724, 1, 2023/10/09, 15:59:58.006, 3935812905663, vstest.console.dll, AssemblyResolver.OnResolve: Microsoft.TestPlatform.Extensions.BlameDataCollector: Resolving assembly.
TpTrace Information: 0 : 55724, 1, 2023/10/09, 15:59:58.006, 3935812906216, vstest.console.dll, AssemblyResolver.OnResolve: Microsoft.TestPlatform.Extensions.BlameDataCollector: Searching in: 'C:\Program Files\dotnet\sdk\7.0.200\Extensions'.
TpTrace Information: 0 : 55724, 1, 2023/10/09, 15:59:58.007, 3935812918432, vstest.console.dll, AssemblyResolver.OnResolve: Microsoft.TestPlatform.Extensions.BlameDataCollector: Loading assembly 'C:\Program Files\dotnet\sdk\7.0.200\Extensions\Microsoft.TestPlatform.Extensions.BlameDataCollector.dll'.
TpTrace Information: 0 : 55724, 1, 2023/10/09, 15:59:58.008, 3935812930380, vstest.console.dll, AssemblyResolver.OnResolve: Resolved assembly: Microsoft.TestPlatform.Extensions.BlameDataCollector, from path: C:\Program Files\dotnet\sdk\7.0.200\Extensions\Microsoft.TestPlatform.Extensions.BlameDataCollector.dll
TpTrace Verbose: 0 : 55724, 1, 2023/10/09, 15:59:58.008, 3935812931592, vstest.console.dll, MetadataReaderExtensionsHelper: Discovering extensions inside assembly 'Microsoft.TestPlatform.Extensions.BlameDataCollector, Version=15.0.0.0, Culture=neutral, PublicKeyToken=b03f5f7f11d50a3a' file path 'C:\Program Files\dotnet\sdk\7.0.200\Extensions\Microsoft.TestPlatform.Extensions.BlameDataCollector.dll'
TpTrace Information: 0 : 55724, 1, 2023/10/09, 15:59:58.012, 3935812968418, vstest.console.dll, AssemblyResolver.OnResolve: Microsoft.TestPlatform.Extensions.EventLogCollector: Resolving assembly.
TpTrace Information: 0 : 55724, 1, 2023/10/09, 15:59:58.012, 3935812969571, vstest.console.dll, AssemblyResolver.OnResolve: Microsoft.TestPlatform.Extensions.EventLogCollector: Searching in: 'C:\Program Files\dotnet\sdk\7.0.200\Extensions'.
TpTrace Information: 0 : 55724, 1, 2023/10/09, 15:59:58.013, 3935812980280, vstest.console.dll, AssemblyResolver.OnResolve: Microsoft.TestPlatform.Extensions.EventLogCollector: Loading assembly 'C:\Program Files\dotnet\sdk\7.0.200\Extensions\Microsoft.TestPlatform.Extensions.EventLogCollector.dll'.
TpTrace Information: 0 : 55724, 1, 2023/10/09, 15:59:58.014, 3935812988155, vstest.console.dll, AssemblyResolver.OnResolve: Resolved assembly: Microsoft.TestPlatform.Extensions.EventLogCollector, from path: C:\Program Files\dotnet\sdk\7.0.200\Extensions\Microsoft.TestPlatform.Extensions.EventLogCollector.dll
TpTrace Verbose: 0 : 55724, 1, 2023/10/09, 15:59:58.014, 3935812989226, vstest.console.dll, MetadataReaderExtensionsHelper: Discovering extensions inside assembly 'Microsoft.TestPlatform.Extensions.EventLogCollector, Version=15.0.0.0, Culture=neutral, PublicKeyToken=b03f5f7f11d50a3a' file path 'C:\Program Files\dotnet\sdk\7.0.200\Extensions\Microsoft.TestPlatform.Extensions.EventLogCollector.dll'
TpTrace Information: 0 : 55724, 1, 2023/10/09, 15:59:58.020, 3935813044254, vstest.console.dll, AssemblyResolver.OnResolve: Microsoft.TestPlatform.TestHostRuntimeProvider: Resolving assembly.
TpTrace Information: 0 : 55724, 1, 2023/10/09, 15:59:58.020, 3935813045663, vstest.console.dll, AssemblyResolver.OnResolve: Microsoft.TestPlatform.TestHostRuntimeProvider: Searching in: 'C:\Program Files\dotnet\sdk\7.0.200\Extensions'.
TpTrace Information: 0 : 55724, 1, 2023/10/09, 15:59:58.021, 3935813053424, vstest.console.dll, AssemblyResolver.OnResolve: Microsoft.TestPlatform.TestHostRuntimeProvider: Loading assembly 'C:\Program Files\dotnet\sdk\7.0.200\Extensions\Microsoft.TestPlatform.TestHostRuntimeProvider.dll'.
TpTrace Information: 0 : 55724, 1, 2023/10/09, 15:59:58.022, 3935813064538, vstest.console.dll, AssemblyResolver.OnResolve: Resolved assembly: Microsoft.TestPlatform.TestHostRuntimeProvider, from path: C:\Program Files\dotnet\sdk\7.0.200\Extensions\Microsoft.TestPlatform.TestHostRuntimeProvider.dll
TpTrace Verbose: 0 : 55724, 1, 2023/10/09, 15:59:58.022, 3935813065506, vstest.console.dll, MetadataReaderExtensionsHelper: Discovering extensions inside assembly 'Microsoft.TestPlatform.TestHostRuntimeProvider, Version=15.0.0.0, Culture=neutral, PublicKeyToken=b03f5f7f11d50a3a' file path 'C:\Program Files\dotnet\sdk\7.0.200\Extensions\Microsoft.TestPlatform.TestHostRuntimeProvider.dll'
TpTrace Information: 0 : 55724, 1, 2023/10/09, 15:59:58.024, 3935813091790, vstest.console.dll, GetTestExtensionFromType: Register extension with identifier data 'HostProvider://DefaultTestHost' and type 'Microsoft.VisualStudio.TestPlatform.CrossPlatEngine.Hosting.DefaultTestHostManager, Microsoft.TestPlatform.TestHostRuntimeProvider, Version=15.0.0.0, Culture=neutral, PublicKeyToken=b03f5f7f11d50a3a' inside file 'C:\Program Files\dotnet\sdk\7.0.200\Extensions\Microsoft.TestPlatform.TestHostRuntimeProvider.dll'
TpTrace Information: 0 : 55724, 1, 2023/10/09, 15:59:58.026, 3935813106564, vstest.console.dll, GetTestExtensionFromType: Register extension with identifier data 'HostProvider://DotnetTestHost' and type 'Microsoft.VisualStudio.TestPlatform.CrossPlatEngine.Hosting.DotnetTestHostManager, Microsoft.TestPlatform.TestHostRuntimeProvider, Version=15.0.0.0, Culture=neutral, PublicKeyToken=b03f5f7f11d50a3a' inside file 'C:\Program Files\dotnet\sdk\7.0.200\Extensions\Microsoft.TestPlatform.TestHostRuntimeProvider.dll'
TpTrace Information: 0 : 55724, 1, 2023/10/09, 15:59:58.026, 3935813108087, vstest.console.dll, AssemblyResolver.OnResolve: Microsoft.VisualStudio.TestPlatform.Extensions.Html.TestLogger: Resolving assembly.
TpTrace Information: 0 : 55724, 1, 2023/10/09, 15:59:58.026, 3935813108656, vstest.console.dll, AssemblyResolver.OnResolve: Microsoft.VisualStudio.TestPlatform.Extensions.Html.TestLogger: Searching in: 'C:\Program Files\dotnet\sdk\7.0.200\Extensions'.
TpTrace Information: 0 : 55724, 1, 2023/10/09, 15:59:58.027, 3935813120767, vstest.console.dll, AssemblyResolver.OnResolve: Microsoft.VisualStudio.TestPlatform.Extensions.Html.TestLogger: Loading assembly 'C:\Program Files\dotnet\sdk\7.0.200\Extensions\Microsoft.VisualStudio.TestPlatform.Extensions.Html.TestLogger.dll'.
TpTrace Information: 0 : 55724, 1, 2023/10/09, 15:59:58.028, 3935813129900, vstest.console.dll, AssemblyResolver.OnResolve: Resolved assembly: Microsoft.VisualStudio.TestPlatform.Extensions.Html.TestLogger, from path: C:\Program Files\dotnet\sdk\7.0.200\Extensions\Microsoft.VisualStudio.TestPlatform.Extensions.Html.TestLogger.dll
TpTrace Verbose: 0 : 55724, 1, 2023/10/09, 15:59:58.028, 3935813131446, vstest.console.dll, MetadataReaderExtensionsHelper: Discovering extensions inside assembly 'Microsoft.VisualStudio.TestPlatform.Extensions.Html.TestLogger, Version=15.0.0.0, Culture=neutral, PublicKeyToken=b03f5f7f11d50a3a' file path 'C:\Program Files\dotnet\sdk\7.0.200\Extensions\Microsoft.VisualStudio.TestPlatform.Extensions.Html.TestLogger.dll'
TpTrace Information: 0 : 55724, 1, 2023/10/09, 15:59:58.030, 3935813147007, vstest.console.dll, AssemblyResolver.OnResolve: Microsoft.VisualStudio.TestPlatform.Extensions.Trx.TestLogger: Resolving assembly.
TpTrace Information: 0 : 55724, 1, 2023/10/09, 15:59:58.030, 3935813148205, vstest.console.dll, AssemblyResolver.OnResolve: Microsoft.VisualStudio.TestPlatform.Extensions.Trx.TestLogger: Searching in: 'C:\Program Files\dotnet\sdk\7.0.200\Extensions'.
TpTrace Information: 0 : 55724, 1, 2023/10/09, 15:59:58.032, 3935813167755, vstest.console.dll, AssemblyResolver.OnResolve: Microsoft.VisualStudio.TestPlatform.Extensions.Trx.TestLogger: Loading assembly 'C:\Program Files\dotnet\sdk\7.0.200\Extensions\Microsoft.VisualStudio.TestPlatform.Extensions.Trx.TestLogger.dll'.
TpTrace Information: 0 : 55724, 1, 2023/10/09, 15:59:58.034, 3935813191918, vstest.console.dll, AssemblyResolver.OnResolve: Resolved assembly: Microsoft.VisualStudio.TestPlatform.Extensions.Trx.TestLogger, from path: C:\Program Files\dotnet\sdk\7.0.200\Extensions\Microsoft.VisualStudio.TestPlatform.Extensions.Trx.TestLogger.dll
TpTrace Verbose: 0 : 55724, 1, 2023/10/09, 15:59:58.035, 3935813193110, vstest.console.dll, MetadataReaderExtensionsHelper: Discovering extensions inside assembly 'Microsoft.VisualStudio.TestPlatform.Extensions.Trx.TestLogger, Version=15.0.0.0, Culture=neutral, PublicKeyToken=b03f5f7f11d50a3a' file path 'C:\Program Files\dotnet\sdk\7.0.200\Extensions\Microsoft.VisualStudio.TestPlatform.Extensions.Trx.TestLogger.dll'
TpTrace Verbose: 0 : 55724, 1, 2023/10/09, 15:59:58.036, 3935813211515, vstest.console.dll, TestPluginCache: Discovered the extensions using extension path ''.
TpTrace Verbose: 0 : 55724, 1, 2023/10/09, 15:59:58.037, 3935813212479, vstest.console.dll, TestPluginCache: Discoverers are ''.
TpTrace Verbose: 0 : 55724, 1, 2023/10/09, 15:59:58.037, 3935813212769, vstest.console.dll, TestPluginCache: Executors are ''.
TpTrace Verbose: 0 : 55724, 1, 2023/10/09, 15:59:58.037, 3935813213013, vstest.console.dll, TestPluginCache: Executors2 are ''.
TpTrace Verbose: 0 : 55724, 1, 2023/10/09, 15:59:58.037, 3935813213255, vstest.console.dll, TestPluginCache: Setting providers are ''.
TpTrace Verbose: 0 : 55724, 1, 2023/10/09, 15:59:58.037, 3935813213494, vstest.console.dll, TestPluginCache: Loggers are ''.
TpTrace Verbose: 0 : 55724, 1, 2023/10/09, 15:59:58.037, 3935813214602, vstest.console.dll, TestPluginCache: TestHosts are 'HostProvider://DefaultTestHost,HostProvider://DotnetTestHost'.
TpTrace Verbose: 0 : 55724, 1, 2023/10/09, 15:59:58.037, 3935813215079, vstest.console.dll, TestPluginCache: DataCollectors are ''.
TpTrace Information: 0 : 55724, 1, 2023/10/09, 15:59:58.066, 3935813502888, vstest.console.dll, RunTestsArgumentProcessor:Execute: Test run is starting.
TpTrace Verbose: 0 : 55724, 1, 2023/10/09, 15:59:58.066, 3935813504324, vstest.console.dll, RunTestsArgumentProcessor:Execute: Queuing Test run.
TpTrace Information: 0 : 55724, 1, 2023/10/09, 15:59:58.066, 3935813507615, vstest.console.dll, TestRequestManager.RunTests: run tests started.
TpTrace Information: 0 : 55724, 1, 2023/10/09, 15:59:58.069, 3935813536647, vstest.console.dll, AssemblyMetadataProvider.GetFrameworkName: Determined framework:'.NETCoreApp,Version=v6.0' for source: 'C:\Users\Jack.Boston\source\repos\OhpenApi\OhpenApi.Tests\bin\Debug\net6.0\fine-code-coverage\build-output\OhpenApi.Tests.dll'
TpTrace Information: 0 : 55724, 1, 2023/10/09, 15:59:58.069, 3935813538804, vstest.console.dll, Determined framework for all sources: .NETCoreApp,Version=v6.0
TpTrace Verbose: 0 : 55724, 1, 2023/10/09, 15:59:58.070, 3935813543175, vstest.console.dll, TestRequestManager.UpdateRunSettingsIfRequired: Default architecture: X64 IsDefaultTargetArchitecture: True, Current process architecture: X64 OperatingSystem: Windows.
TpTrace Information: 0 : 55724, 1, 2023/10/09, 15:59:58.072, 3935813565152, vstest.console.dll, AssemblyMetadataProvider.GetArchitecture: Determined architecture:AnyCPU info for assembly: C:\Users\Jack.Boston\source\repos\OhpenApi\OhpenApi.Tests\bin\Debug\net6.0\fine-code-coverage\build-output\OhpenApi.Tests.dll
TpTrace Information: 0 : 55724, 1, 2023/10/09, 15:59:58.072, 3935813565881, vstest.console.dll, Determined platform for source 'C:\Users\Jack.Boston\source\repos\OhpenApi\OhpenApi.Tests\bin\Debug\net6.0\fine-code-coverage\build-output\OhpenApi.Tests.dll' was AnyCPU and it will use the default plaform X64.
TpTrace Information: 0 : 55724, 1, 2023/10/09, 15:59:58.072, 3935813566174, vstest.console.dll, None of the sources provided any runnable platform, using the default platform: X64
TpTrace Information: 0 : 55724, 1, 2023/10/09, 15:59:58.072, 3935813567130, vstest.console.dll, Platform was updated to 'X64'.
TpTrace Information: 0 : 55724, 1, 2023/10/09, 15:59:58.081, 3935813661713, vstest.console.dll, InferRunSettingsHelper.IsTestSettingsEnabled: Unable to navigate to RunSettings/MSTest. Current node: RunSettings
TpTrace Information: 0 : 55724, 1, 2023/10/09, 15:59:58.083, 3935813678592, vstest.console.dll, AssemblyResolver.OnResolve: Microsoft.VisualStudio.TestPlatform.Fakes: Resolving assembly.
TpTrace Information: 0 : 55724, 1, 2023/10/09, 15:59:58.083, 3935813679623, vstest.console.dll, AssemblyResolver.OnResolve: Microsoft.VisualStudio.TestPlatform.Fakes: Searching in: 'C:\Program Files\dotnet\sdk\7.0.200\Extensions'.
TpTrace Information: 0 : 55724, 1, 2023/10/09, 15:59:58.083, 3935813680660, vstest.console.dll, AssemblyResolver.OnResolve: Microsoft.VisualStudio.TestPlatform.Fakes: Assembly path does not exist: 'C:\Program Files\dotnet\sdk\7.0.200\Extensions\Microsoft.VisualStudio.TestPlatform.Fakes.dll', returning.
TpTrace Information: 0 : 55724, 1, 2023/10/09, 15:59:58.083, 3935813681190, vstest.console.dll, AssemblyResolver.OnResolve: Microsoft.VisualStudio.TestPlatform.Fakes: Assembly path does not exist: 'C:\Program Files\dotnet\sdk\7.0.200\Extensions\Microsoft.VisualStudio.TestPlatform.Fakes.exe', returning.
TpTrace Information: 0 : 55724, 1, 2023/10/09, 15:59:58.083, 3935813681461, vstest.console.dll, AssemblyResolver.OnResolve: Microsoft.VisualStudio.TestPlatform.Fakes: Searching in: 'C:\Program Files\dotnet\sdk\7.0.200'.
TpTrace Information: 0 : 55724, 1, 2023/10/09, 15:59:58.083, 3935813682062, vstest.console.dll, AssemblyResolver.OnResolve: Microsoft.VisualStudio.TestPlatform.Fakes: Assembly path does not exist: 'C:\Program Files\dotnet\sdk\7.0.200\Microsoft.VisualStudio.TestPlatform.Fakes.dll', returning.
TpTrace Information: 0 : 55724, 1, 2023/10/09, 15:59:58.084, 3935813682580, vstest.console.dll, AssemblyResolver.OnResolve: Microsoft.VisualStudio.TestPlatform.Fakes: Assembly path does not exist: 'C:\Program Files\dotnet\sdk\7.0.200\Microsoft.VisualStudio.TestPlatform.Fakes.exe', returning.
TpTrace Information: 0 : 55724, 1, 2023/10/09, 15:59:58.084, 3935813682842, vstest.console.dll, AssemblyResolver.OnResolve: Microsoft.VisualStudio.TestPlatform.Fakes: Failed to load assembly.
TpTrace Information: 0 : 55724, 1, 2023/10/09, 15:59:58.084, 3935813685804, vstest.console.dll, Failed to load assembly Microsoft.VisualStudio.TestPlatform.Fakes, Version=17.0.0.0, Culture=neutral. Reason:System.IO.FileNotFoundException: Could not load file or assembly 'Microsoft.VisualStudio.TestPlatform.Fakes, Version=17.0.0.0, Culture=neutral, PublicKeyToken=null'. The system cannot find the file specified.
File name: 'Microsoft.VisualStudio.TestPlatform.Fakes, Version=17.0.0.0, Culture=neutral, PublicKeyToken=null'
   at System.Reflection.RuntimeAssembly.InternalLoad(AssemblyName assemblyName, StackCrawlMark& stackMark, AssemblyLoadContext assemblyLoadContext, RuntimeAssembly requestingAssembly, Boolean throwOnFileNotFound)
   at System.Reflection.Assembly.Load(AssemblyName assemblyRef)
   at Microsoft.VisualStudio.TestPlatform.Common.Utilities.FakesUtilities.LoadTestPlatformAssembly()
TpTrace Verbose: 0 : 55724, 1, 2023/10/09, 15:59:58.089, 3935813740740, vstest.console.dll, TestPluginCache.DiscoverTestExtensions: finding test extensions in assemblies ends with: TestLogger.dll TPluginInfo: Microsoft.VisualStudio.TestPlatform.Common.ExtensionFramework.Utilities.TestLoggerPluginInformation TExtension: Microsoft.VisualStudio.TestPlatform.ObjectModel.Client.ITestLogger
TpTrace Verbose: 0 : 55724, 1, 2023/10/09, 15:59:58.090, 3935813743492, vstest.console.dll, TestPluginCache.GetExtensionPaths: Filtered extension paths: 
TpTrace Verbose: 0 : 55724, 1, 2023/10/09, 15:59:58.090, 3935813744597, vstest.console.dll, TestPluginCache.GetExtensionPaths: Added default extension paths: C:\Program Files\dotnet\sdk\7.0.200\Extensions\Microsoft.Diagnostics.NETCore.Client.dll
C:\Program Files\dotnet\sdk\7.0.200\Extensions\Microsoft.TestPlatform.Extensions.BlameDataCollector.dll
C:\Program Files\dotnet\sdk\7.0.200\Extensions\Microsoft.TestPlatform.Extensions.EventLogCollector.dll
C:\Program Files\dotnet\sdk\7.0.200\Extensions\Microsoft.TestPlatform.TestHostRuntimeProvider.dll
C:\Program Files\dotnet\sdk\7.0.200\Extensions\Microsoft.VisualStudio.TestPlatform.Extensions.Html.TestLogger.dll
C:\Program Files\dotnet\sdk\7.0.200\Extensions\Microsoft.VisualStudio.TestPlatform.Extensions.Trx.TestLogger.dll
TpTrace Verbose: 0 : 55724, 1, 2023/10/09, 15:59:58.090, 3935813745890, vstest.console.dll, TestPluginCache.GetExtensionPaths: Added unfilterableExtensionPaths: 
TpTrace Information: 0 : 55724, 1, 2023/10/09, 15:59:58.090, 3935813747989, vstest.console.dll, AssemblyResolver.AddSearchDirectories: Adding more searchDirectories C:\Program Files\dotnet\sdk\7.0.200\Extensions,C:\Program Files\dotnet\sdk\7.0.200
TpTrace Verbose: 0 : 55724, 1, 2023/10/09, 15:59:58.090, 3935813748739, vstest.console.dll, TestPluginCache.DiscoverTestExtensions: Discovering the extensions using extension path.
TpTrace Verbose: 0 : 55724, 1, 2023/10/09, 15:59:58.090, 3935813749372, vstest.console.dll, TestPluginCache.GetExtensionPaths: Filtered extension paths: 
TpTrace Verbose: 0 : 55724, 1, 2023/10/09, 15:59:58.090, 3935813749847, vstest.console.dll, TestPluginCache.GetExtensionPaths: Added default extension paths: C:\Program Files\dotnet\sdk\7.0.200\Extensions\Microsoft.Diagnostics.NETCore.Client.dll
C:\Program Files\dotnet\sdk\7.0.200\Extensions\Microsoft.TestPlatform.Extensions.BlameDataCollector.dll
C:\Program Files\dotnet\sdk\7.0.200\Extensions\Microsoft.TestPlatform.Extensions.EventLogCollector.dll
C:\Program Files\dotnet\sdk\7.0.200\Extensions\Microsoft.TestPlatform.TestHostRuntimeProvider.dll
C:\Program Files\dotnet\sdk\7.0.200\Extensions\Microsoft.VisualStudio.TestPlatform.Extensions.Html.TestLogger.dll
C:\Program Files\dotnet\sdk\7.0.200\Extensions\Microsoft.VisualStudio.TestPlatform.Extensions.Trx.TestLogger.dll
TpTrace Verbose: 0 : 55724, 1, 2023/10/09, 15:59:58.090, 3935813750287, vstest.console.dll, TestPluginCache.GetExtensionPaths: Added unfilterableExtensionPaths: 
TpTrace Verbose: 0 : 55724, 1, 2023/10/09, 15:59:58.090, 3935813750914, vstest.console.dll, TestPluginCache.DiscoverTestExtensions: Discovering the extensions using allExtensionPaths: C:\Program Files\dotnet\sdk\7.0.200\Extensions\Microsoft.Diagnostics.NETCore.Client.dll
C:\Program Files\dotnet\sdk\7.0.200\Extensions\Microsoft.TestPlatform.Extensions.BlameDataCollector.dll
C:\Program Files\dotnet\sdk\7.0.200\Extensions\Microsoft.TestPlatform.Extensions.EventLogCollector.dll
C:\Program Files\dotnet\sdk\7.0.200\Extensions\Microsoft.TestPlatform.TestHostRuntimeProvider.dll
C:\Program Files\dotnet\sdk\7.0.200\Extensions\Microsoft.VisualStudio.TestPlatform.Extensions.Html.TestLogger.dll
C:\Program Files\dotnet\sdk\7.0.200\Extensions\Microsoft.VisualStudio.TestPlatform.Extensions.Trx.TestLogger.dll
TpTrace Information: 0 : 55724, 1, 2023/10/09, 15:59:58.091, 3935813752530, vstest.console.dll, AssemblyResolver.AddSearchDirectories: Adding more searchDirectories C:\Program Files\dotnet\sdk\7.0.200\Extensions,C:\Program Files\dotnet\sdk\7.0.200
TpTrace Information: 0 : 55724, 1, 2023/10/09, 15:59:58.091, 3935813753275, vstest.console.dll, AssemblyResolver.AddSearchDirectories: Adding more searchDirectories C:\Program Files\dotnet\sdk\7.0.200\Extensions,C:\Program Files\dotnet\sdk\7.0.200
TpTrace Information: 0 : 55724, 1, 2023/10/09, 15:59:58.091, 3935813753753, vstest.console.dll, AssemblyResolver.AddSearchDirectories: Adding more searchDirectories C:\Program Files\dotnet\sdk\7.0.200\Extensions,C:\Program Files\dotnet\sdk\7.0.200
TpTrace Information: 0 : 55724, 1, 2023/10/09, 15:59:58.091, 3935813754207, vstest.console.dll, AssemblyResolver.AddSearchDirectories: Adding more searchDirectories C:\Program Files\dotnet\sdk\7.0.200\Extensions,C:\Program Files\dotnet\sdk\7.0.200
TpTrace Information: 0 : 55724, 1, 2023/10/09, 15:59:58.091, 3935813754755, vstest.console.dll, AssemblyResolver.AddSearchDirectories: Adding more searchDirectories C:\Program Files\dotnet\sdk\7.0.200\Extensions,C:\Program Files\dotnet\sdk\7.0.200
TpTrace Information: 0 : 55724, 1, 2023/10/09, 15:59:58.091, 3935813755243, vstest.console.dll, AssemblyResolver.AddSearchDirectories: Adding more searchDirectories C:\Program Files\dotnet\sdk\7.0.200\Extensions,C:\Program Files\dotnet\sdk\7.0.200
TpTrace Verbose: 0 : 55724, 1, 2023/10/09, 15:59:58.091, 3935813756974, vstest.console.dll, MetadataReaderExtensionsHelper: Discovering extensions inside assembly 'Microsoft.Diagnostics.NETCore.Client, Version=0.2.6.42401, Culture=neutral, PublicKeyToken=31bf3856ad364e35' file path 'C:\Program Files\dotnet\sdk\7.0.200\Extensions\Microsoft.Diagnostics.NETCore.Client.dll'
TpTrace Information: 0 : 55724, 1, 2023/10/09, 15:59:58.092, 3935813767284, vstest.console.dll, AssemblyResolver.OnResolve: Microsoft.Bcl.AsyncInterfaces: Resolving assembly.
TpTrace Information: 0 : 55724, 1, 2023/10/09, 15:59:58.092, 3935813768171, vstest.console.dll, AssemblyResolver.OnResolve: Microsoft.Bcl.AsyncInterfaces: Resolved from cache.
TpTrace Verbose: 0 : 55724, 1, 2023/10/09, 15:59:58.092, 3935813768594, vstest.console.dll, CurrentDomainAssemblyResolve: Resolving assembly 'Microsoft.Bcl.AsyncInterfaces'.
TpTrace Information: 0 : 55724, 1, 2023/10/09, 15:59:58.092, 3935813769224, vstest.console.dll, AssemblyResolver.OnResolve: Microsoft.Bcl.AsyncInterfaces: Resolving assembly.
TpTrace Information: 0 : 55724, 1, 2023/10/09, 15:59:58.092, 3935813769709, vstest.console.dll, AssemblyResolver.OnResolve: Microsoft.Bcl.AsyncInterfaces: Resolved from cache.
TpTrace Verbose: 0 : 55724, 1, 2023/10/09, 15:59:58.092, 3935813770181, vstest.console.dll, CurrentDomainAssemblyResolve: Resolving assembly 'Microsoft.Bcl.AsyncInterfaces'.
TpTrace Verbose: 0 : 55724, 1, 2023/10/09, 15:59:58.092, 3935813770514, vstest.console.dll, CurrentDomainAssemblyResolve: Failed to resolve assembly 'Microsoft.Bcl.AsyncInterfaces'.
TpTrace Verbose: 0 : 55724, 1, 2023/10/09, 15:59:58.093, 3935813772920, vstest.console.dll, CurrentDomainAssemblyResolve: Failed to resolve assembly 'Microsoft.Bcl.AsyncInterfaces'.
TpTrace Warning: 0 : 55724, 1, 2023/10/09, 15:59:58.093, 3935813778079, vstest.console.dll, TestPluginDiscoverer: Failed to get types from assembly 'Microsoft.Diagnostics.NETCore.Client, Version=0.2.6.42401, Culture=neutral, PublicKeyToken=31bf3856ad364e35'. Error: System.Reflection.ReflectionTypeLoadException: Unable to load one or more of the requested types.
Could not load file or assembly 'Microsoft.Bcl.AsyncInterfaces, Version=1.0.0.0, Culture=neutral, PublicKeyToken=cc7b13ffcd2ddd51'. The system cannot find the file specified.
   at System.Reflection.RuntimeModule.GetTypes(RuntimeModule module)
   at System.Reflection.Assembly.GetTypes()
   at Microsoft.VisualStudio.TestPlatform.Common.ExtensionFramework.TestPluginDiscoverer.GetTestExtensionsFromAssembly[TPluginInfo,TExtension](Assembly assembly, Dictionary`2 pluginInfos, String filePath)
System.IO.FileNotFoundException: Could not load file or assembly 'Microsoft.Bcl.AsyncInterfaces, Version=1.0.0.0, Culture=neutral, PublicKeyToken=cc7b13ffcd2ddd51'. The system cannot find the file specified.
File name: 'Microsoft.Bcl.AsyncInterfaces, Version=1.0.0.0, Culture=neutral, PublicKeyToken=cc7b13ffcd2ddd51'
 ---> System.IO.FileNotFoundException: Could not load file or assembly 'Microsoft.Bcl.AsyncInterfaces, Culture=neutral, PublicKeyToken=null'. The system cannot find the file specified.
File name: 'Microsoft.Bcl.AsyncInterfaces, Culture=neutral, PublicKeyToken=null'
   at System.Reflection.RuntimeAssembly.InternalLoad(AssemblyName assemblyName, StackCrawlMark& stackMark, AssemblyLoadContext assemblyLoadContext, RuntimeAssembly requestingAssembly, Boolean throwOnFileNotFound)
   at System.Reflection.Assembly.Load(AssemblyName assemblyRef)
   at Microsoft.VisualStudio.TestPlatform.Common.ExtensionFramework.TestPluginCache.CurrentDomainAssemblyResolve(Object sender, AssemblyResolveEventArgs args)
   at System.Runtime.Loader.AssemblyLoadContext.GetFirstResolvedAssemblyFromResolvingEvent(AssemblyName assemblyName)
   at System.Runtime.Loader.AssemblyLoadContext.ResolveUsingEvent(AssemblyName assemblyName)
   at System.Runtime.Loader.AssemblyLoadContext.ResolveUsingResolvingEvent(IntPtr gchManagedAssemblyLoadContext, AssemblyName assemblyName)
TpTrace Warning: 0 : 55724, 1, 2023/10/09, 15:59:58.093, 3935813780708, vstest.console.dll, LoaderExceptions: System.IO.FileNotFoundException: Could not load file or assembly 'Microsoft.Bcl.AsyncInterfaces, Version=1.0.0.0, Culture=neutral, PublicKeyToken=cc7b13ffcd2ddd51'. The system cannot find the file specified.
File name: 'Microsoft.Bcl.AsyncInterfaces, Version=1.0.0.0, Culture=neutral, PublicKeyToken=cc7b13ffcd2ddd51'
 ---> System.IO.FileNotFoundException: Could not load file or assembly 'Microsoft.Bcl.AsyncInterfaces, Culture=neutral, PublicKeyToken=null'. The system cannot find the file specified.
File name: 'Microsoft.Bcl.AsyncInterfaces, Culture=neutral, PublicKeyToken=null'
   at System.Reflection.RuntimeAssembly.InternalLoad(AssemblyName assemblyName, StackCrawlMark& stackMark, AssemblyLoadContext assemblyLoadContext, RuntimeAssembly requestingAssembly, Boolean throwOnFileNotFound)
   at System.Reflection.Assembly.Load(AssemblyName assemblyRef)
   at Microsoft.VisualStudio.TestPlatform.Common.ExtensionFramework.TestPluginCache.CurrentDomainAssemblyResolve(Object sender, AssemblyResolveEventArgs args)
   at System.Runtime.Loader.AssemblyLoadContext.GetFirstResolvedAssemblyFromResolvingEvent(AssemblyName assemblyName)
   at System.Runtime.Loader.AssemblyLoadContext.ResolveUsingEvent(AssemblyName assemblyName)
   at System.Runtime.Loader.AssemblyLoadContext.ResolveUsingResolvingEvent(IntPtr gchManagedAssemblyLoadContext, AssemblyName assemblyName)
TpTrace Verbose: 0 : 55724, 1, 2023/10/09, 15:59:58.093, 3935813781719, vstest.console.dll, MetadataReaderExtensionsHelper: Discovering extensions inside assembly 'Microsoft.TestPlatform.Extensions.BlameDataCollector, Version=15.0.0.0, Culture=neutral, PublicKeyToken=b03f5f7f11d50a3a' file path 'C:\Program Files\dotnet\sdk\7.0.200\Extensions\Microsoft.TestPlatform.Extensions.BlameDataCollector.dll'
TpTrace Information: 0 : 55724, 1, 2023/10/09, 15:59:58.095, 3935813796937, vstest.console.dll, GetTestExtensionFromType: Register extension with identifier data 'logger://Microsoft/TestPlatform/Extensions/Blame/v1' and type 'Microsoft.TestPlatform.Extensions.BlameDataCollector.BlameLogger, Microsoft.TestPlatform.Extensions.BlameDataCollector, Version=15.0.0.0, Culture=neutral, PublicKeyToken=b03f5f7f11d50a3a' inside file 'C:\Program Files\dotnet\sdk\7.0.200\Extensions\Microsoft.TestPlatform.Extensions.BlameDataCollector.dll'
TpTrace Verbose: 0 : 55724, 1, 2023/10/09, 15:59:58.095, 3935813800830, vstest.console.dll, MetadataReaderExtensionsHelper: Discovering extensions inside assembly 'Microsoft.TestPlatform.Extensions.EventLogCollector, Version=15.0.0.0, Culture=neutral, PublicKeyToken=b03f5f7f11d50a3a' file path 'C:\Program Files\dotnet\sdk\7.0.200\Extensions\Microsoft.TestPlatform.Extensions.EventLogCollector.dll'
TpTrace Verbose: 0 : 55724, 1, 2023/10/09, 15:59:58.096, 3935813805649, vstest.console.dll, MetadataReaderExtensionsHelper: Discovering extensions inside assembly 'Microsoft.TestPlatform.TestHostRuntimeProvider, Version=15.0.0.0, Culture=neutral, PublicKeyToken=b03f5f7f11d50a3a' file path 'C:\Program Files\dotnet\sdk\7.0.200\Extensions\Microsoft.TestPlatform.TestHostRuntimeProvider.dll'
TpTrace Verbose: 0 : 55724, 1, 2023/10/09, 15:59:58.096, 3935813810153, vstest.console.dll, MetadataReaderExtensionsHelper: Discovering extensions inside assembly 'Microsoft.VisualStudio.TestPlatform.Extensions.Html.TestLogger, Version=15.0.0.0, Culture=neutral, PublicKeyToken=b03f5f7f11d50a3a' file path 'C:\Program Files\dotnet\sdk\7.0.200\Extensions\Microsoft.VisualStudio.TestPlatform.Extensions.Html.TestLogger.dll'
TpTrace Information: 0 : 55724, 1, 2023/10/09, 15:59:58.097, 3935813817189, vstest.console.dll, GetTestExtensionFromType: Register extension with identifier data 'logger://Microsoft/TestPlatform/HtmlLogger/v1' and type 'Microsoft.VisualStudio.TestPlatform.Extensions.HtmlLogger.HtmlLogger, Microsoft.VisualStudio.TestPlatform.Extensions.Html.TestLogger, Version=15.0.0.0, Culture=neutral, PublicKeyToken=b03f5f7f11d50a3a' inside file 'C:\Program Files\dotnet\sdk\7.0.200\Extensions\Microsoft.VisualStudio.TestPlatform.Extensions.Html.TestLogger.dll'
TpTrace Verbose: 0 : 55724, 1, 2023/10/09, 15:59:58.097, 3935813818160, vstest.console.dll, MetadataReaderExtensionsHelper: Discovering extensions inside assembly 'Microsoft.VisualStudio.TestPlatform.Extensions.Trx.TestLogger, Version=15.0.0.0, Culture=neutral, PublicKeyToken=b03f5f7f11d50a3a' file path 'C:\Program Files\dotnet\sdk\7.0.200\Extensions\Microsoft.VisualStudio.TestPlatform.Extensions.Trx.TestLogger.dll'
TpTrace Information: 0 : 55724, 1, 2023/10/09, 15:59:58.098, 3935813823056, vstest.console.dll, GetTestExtensionFromType: Register extension with identifier data 'logger://Microsoft/TestPlatform/TrxLogger/v1' and type 'Microsoft.VisualStudio.TestPlatform.Extensions.TrxLogger.TrxLogger, Microsoft.VisualStudio.TestPlatform.Extensions.Trx.TestLogger, Version=15.0.0.0, Culture=neutral, PublicKeyToken=b03f5f7f11d50a3a' inside file 'C:\Program Files\dotnet\sdk\7.0.200\Extensions\Microsoft.VisualStudio.TestPlatform.Extensions.Trx.TestLogger.dll'
TpTrace Verbose: 0 : 55724, 1, 2023/10/09, 15:59:58.098, 3935813824196, vstest.console.dll, TestPluginCache: Discovered the extensions using extension path ''.
TpTrace Verbose: 0 : 55724, 1, 2023/10/09, 15:59:58.098, 3935813824584, vstest.console.dll, TestPluginCache: Discoverers are ''.
TpTrace Verbose: 0 : 55724, 1, 2023/10/09, 15:59:58.098, 3935813824843, vstest.console.dll, TestPluginCache: Executors are ''.
TpTrace Verbose: 0 : 55724, 1, 2023/10/09, 15:59:58.098, 3935813825201, vstest.console.dll, TestPluginCache: Executors2 are ''.
TpTrace Verbose: 0 : 55724, 1, 2023/10/09, 15:59:58.098, 3935813825523, vstest.console.dll, TestPluginCache: Setting providers are ''.
TpTrace Verbose: 0 : 55724, 1, 2023/10/09, 15:59:58.098, 3935813826309, vstest.console.dll, TestPluginCache: Loggers are 'logger://Microsoft/TestPlatform/Extensions/Blame/v1,logger://Microsoft/TestPlatform/HtmlLogger/v1,logger://Microsoft/TestPlatform/TrxLogger/v1'.
TpTrace Verbose: 0 : 55724, 1, 2023/10/09, 15:59:58.098, 3935813826820, vstest.console.dll, TestPluginCache: TestHosts are 'HostProvider://DefaultTestHost,HostProvider://DotnetTestHost'.
TpTrace Verbose: 0 : 55724, 1, 2023/10/09, 15:59:58.098, 3935813827131, vstest.console.dll, TestPluginCache: DataCollectors are ''.
TpTrace Information: 0 : 55724, 1, 2023/10/09, 15:59:58.099, 3935813838261, vstest.console.dll, TestPluginManager.CreateTestExtension: Attempting to load test extension: Microsoft.TestPlatform.Extensions.BlameDataCollector.BlameLogger
TpTrace Verbose: 0 : 55724, 1, 2023/10/09, 15:59:58.114, 3935813991231, vstest.console.dll, TestEngine: Initializing Parallel Execution as MaxCpuCount is set to: 1
TpTrace Information: 0 : 55724, 1, 2023/10/09, 15:59:58.118, 3935814030513, vstest.console.dll, TestPluginManager.CreateTestExtension: Attempting to load test extension: Microsoft.VisualStudio.TestPlatform.CrossPlatEngine.Hosting.DefaultTestHostManager
TpTrace Information: 0 : 55724, 1, 2023/10/09, 15:59:58.119, 3935814041181, vstest.console.dll, TestPluginManager.CreateTestExtension: Attempting to load test extension: Microsoft.VisualStudio.TestPlatform.CrossPlatEngine.Hosting.DotnetTestHostManager
TpTrace Information: 0 : 55724, 1, 2023/10/09, 15:59:58.120, 3935814050096, vstest.console.dll, InferRunSettingsHelper.IsTestSettingsEnabled: Unable to navigate to RunSettings/MSTest. Current node: RunSettings
TpTrace Verbose: 0 : 55724, 1, 2023/10/09, 15:59:58.129, 3935814142769, vstest.console.dll, TestEngine.GetExecutionManager: Chosen execution manager 'Microsoft.VisualStudio.TestPlatform.CrossPlatEngine.Client.Parallel.ParallelProxyExecutionManager, Microsoft.TestPlatform.CrossPlatEngine, Version=15.0.0.0, Culture=neutral, PublicKeyToken=b03f5f7f11d50a3a' ParallelLevel '1'.
TpTrace Verbose: 0 : 55724, 1, 2023/10/09, 15:59:58.130, 3935814149542, vstest.console.dll, TestRunRequest.ExecuteAsync: Creating test run request.
TpTrace Verbose: 0 : 55724, 1, 2023/10/09, 15:59:58.131, 3935814152952, vstest.console.dll, TestRunRequest.ExecuteAsync: Starting.
TpTrace Information: 0 : 55724, 1, 2023/10/09, 15:59:58.131, 3935814157682, vstest.console.dll, TestRunRequest.ExecuteAsync: Starting run with settings:TestRunCriteria:
   KeepAlive=False,FrequencyOfRunStatsChangeEvent=10,RunStatsChangeEventTimeout=00:00:01.5000000,TestCaseFilter=,TestExecutorLauncher=
   Settingsxml=<RunSettings>
  <RunConfiguration>
    <ResultsDirectory>C:\Users\Jack.Boston\source\repos\OhpenApi\OhpenApi.Tests\bin\Debug\net6.0\fine-code-coverage\coverage-tool-output</ResultsDirectory>
    <TargetPlatform>X64</TargetPlatform>
    <TargetFrameworkVersion>.NETCoreApp,Version=v6.0</TargetFrameworkVersion>
    <DesignMode>False</DesignMode>
    <CollectSourceInformation>False</CollectSourceInformation>
  </RunConfiguration>
  <LoggerRunSettings>
    <Loggers>
      <Logger friendlyName="blame" enabled="True" />
      <Logger friendlyName="Console" uri="logger://microsoft/TestPlatform/ConsoleLogger/v1" assemblyQualifiedName="Microsoft.VisualStudio.TestPlatform.CommandLine.Internal.ConsoleLogger, vstest.console, Version=15.0.0.0, Culture=neutral, PublicKeyToken=b03f5f7f11d50a3a" codeBase="C:\Program Files\dotnet\sdk\7.0.200\vstest.console.dll" enabled="True" />
    </Loggers>
  </LoggerRunSettings>
  <DataCollectionRunSettings>
    <DataCollectors>
      <DataCollector friendlyName="blame" enabled="True">
        <Configuration>
          <ResultsDirectory>C:\Users\Jack.Boston\source\repos\OhpenApi\OhpenApi.Tests\bin\Debug\net6.0\fine-code-coverage\coverage-tool-output</ResultsDirectory>
        </Configuration>
      </DataCollector>
    </DataCollectors>
  </DataCollectionRunSettings>
</RunSettings>

TpTrace Verbose: 0 : 55724, 1, 2023/10/09, 15:59:58.131, 3935814158620, vstest.console.dll, TestRunRequest.ExecuteAsync: Wait for the first run request is over.
TpTrace Verbose: 0 : 55724, 1, 2023/10/09, 15:59:58.132, 3935814162817, vstest.console.dll, MulticastDelegateUtilities.SafeInvoke: TestRun.TestRunStart: Invoking callbacks was skipped because there are no subscribers.
TpTrace Verbose: 0 : 55724, 4, 2023/10/09, 15:59:58.132, 3935814165976, vstest.console.dll, MulticastDelegateUtilities.SafeInvoke: InternalTestLoggerEvents.SendTestRunStart: Invoking callback 1/1 for Microsoft.VisualStudio.TestPlatform.CommandLine.Internal.ConsoleLogger., took 0 ms.
TpTrace Verbose: 0 : 55724, 1, 2023/10/09, 15:59:58.133, 3935814178600, vstest.console.dll, ParallelProxyExecutionManager: Start execution. Total sources: 1
TpTrace Verbose: 0 : 55724, 1, 2023/10/09, 15:59:58.136, 3935814204218, vstest.console.dll, TestRequestSender is acting as server.
TpTrace Verbose: 0 : 55724, 1, 2023/10/09, 15:59:58.140, 3935814243315, vstest.console.dll, DataCollectionRequestSender.InitializeCommunication : Initialize communication. 
TpTrace Information: 0 : 55724, 1, 2023/10/09, 15:59:58.152, 3935814371194, vstest.console.dll, Listening on Endpoint : 127.0.0.1:59026
TpTrace Verbose: 0 : 55724, 1, 2023/10/09, 15:59:58.163, 3935814474717, vstest.console.dll, DotnetDataCollectionLauncher: Adding  --runtimeconfig "C:\Program Files\dotnet\sdk\7.0.200\datacollector.runtimeconfig.json" in args
TpTrace Verbose: 0 : 55724, 1, 2023/10/09, 15:59:58.163, 3935814480130, vstest.console.dll, DotnetDataCollectionLauncher: Adding  --depsfile "C:\Program Files\dotnet\sdk\7.0.200\datacollector.deps.json" in args
TpTrace Verbose: 0 : 55724, 1, 2023/10/09, 15:59:58.164, 3935814483376, vstest.console.dll, DotnetDataCollectionLauncher: Full path of dotnet.exe is C:\Program Files\dotnet\dotnet.exe
TpTrace Information: 0 : 55724, 1, 2023/10/09, 15:59:58.188, 3935814724669, vstest.console.dll, ProxyDataCollectionManager.Initialize: Launched datacollector processId: 26432 port: 59026
TpTrace Information: 0 : 55724, 1, 2023/10/09, 15:59:58.188, 3935814727799, vstest.console.dll, ProxyDataCollectionManager.Initialize: waiting for connection with timeout: 90 seconds
TpTrace Verbose: 0 : 55724, 1, 2023/10/09, 15:59:58.188, 3935814728899, vstest.console.dll, DataCollectionRequestSender.WaitForRequestHandlerConnection : Waiting for connection with timeout: 90000
TpTrace Information: 0 : 55724, 7, 2023/10/09, 15:59:58.478, 3935817631985, vstest.console.dll, Using the buffer size of 16384 bytes
TpTrace Verbose: 0 : 55724, 1, 2023/10/09, 15:59:58.478, 3935817632070, vstest.console.dll, SocketCommunicationManager.WaitForClientConnection took: 290 ms, with 90000 ms timeout, and finished with True.
TpTrace Information: 0 : 55724, 7, 2023/10/09, 15:59:58.479, 3935817634613, vstest.console.dll, Accepted Client request and set the flag
TpTrace Verbose: 0 : 55724, 1, 2023/10/09, 15:59:58.479, 3935817636839, vstest.console.dll, ProxyDataCollectionManager.InvokeDataCollectionServiceAction: Starting.
TpTrace Information: 0 : 55724, 1, 2023/10/09, 15:59:58.479, 3935817639333, vstest.console.dll, ProxyDataCollectionManager.BeforeTestRunStart: Get environment variable and port for datacollector processId: 26432 port: 59026
TpTrace Verbose: 0 : 55724, 1, 2023/10/09, 15:59:58.479, 3935817641633, vstest.console.dll, DataCollectionRequestSender.SendBeforeTestRunStartAndGetResult: Send BeforeTestRunStart message with settingsXml <RunSettings><RunConfiguration><ResultsDirectory>C:\Users\Jack.Boston\source\repos\OhpenApi\OhpenApi.Tests\bin\Debug\net6.0\fine-code-coverage\coverage-tool-output</ResultsDirectory><TargetPlatform>X64</TargetPlatform><TargetFrameworkVersion>.NETCoreApp,Version=v6.0</TargetFrameworkVersion><DesignMode>False</DesignMode><CollectSourceInformation>False</CollectSourceInformation><TestAdaptersPaths>C:\Program Files\dotnet\sdk\7.0.200\Extensions</TestAdaptersPaths></RunConfiguration><LoggerRunSettings><Loggers><Logger friendlyName="blame" enabled="True" /><Logger friendlyName="Console" uri="logger://microsoft/TestPlatform/ConsoleLogger/v1" assemblyQualifiedName="Microsoft.VisualStudio.TestPlatform.CommandLine.Internal.ConsoleLogger, vstest.console, Version=15.0.0.0, Culture=neutral, PublicKeyToken=b03f5f7f11d50a3a" codeBase="C:\Program Files\dotnet\sdk\7.0.200\vstest.console.dll" enabled="True" /></Loggers></LoggerRunSettings><DataCollectionRunSettings><DataCollectors><DataCollector friendlyName="blame" enabled="True"><Configuration><ResultsDirectory>C:\Users\Jack.Boston\source\repos\OhpenApi\OhpenApi.Tests\bin\Debug\net6.0\fine-code-coverage\coverage-tool-output</ResultsDirectory></Configuration></DataCollector></DataCollectors></DataCollectionRunSettings></RunSettings> and sources System.Collections.Generic.List`1[System.String]: 
TpTrace Verbose: 0 : 55724, 1, 2023/10/09, 15:59:58.647, 3935819319592, vstest.console.dll, DataCollectionRequestSender.SendBeforeTestRunStartAndGetResult: Received message: (DataCollection.SendMessage) -> {"MessageType":"DataCollection.SendMessage","Payload":{"FriendlyName":null,"Uri":null,"TestCaseId":"00000000-0000-0000-0000-000000000000","Message":"Logging DataCollector Diagnostics in file: C:\\Users\\Jack.Boston\\source\\repos\\OhpenApi\\OhpenApi.Tests\\bin\\Debug\\net6.0\\fine-code-coverage\\coverage-tool-output\\diagnostics.datacollector.23-10-09_15-59-58_16253_1.log","Level":0}}
TpTrace Verbose: 0 : 55724, 1, 2023/10/09, 15:59:58.786, 3935820709586, vstest.console.dll, DataCollectionRequestSender.SendBeforeTestRunStartAndGetResult: Received message: (DataCollection.BeforeTestRunStartResult) -> {"MessageType":"DataCollection.BeforeTestRunStartResult","Payload":{"EnvironmentVariables":{},"DataCollectionEventsPort":59029}}
TpTrace Information: 0 : 55724, 1, 2023/10/09, 15:59:58.795, 3935820799401, vstest.console.dll, ProxyDataCollectionManager.BeforeTestRunStart: SendBeforeTestRunStartAndGetResult successful, env variable from datacollector:   and testhost port: 59029
TpTrace Information: 0 : 55724, 1, 2023/10/09, 15:59:58.795, 3935820801771, vstest.console.dll, ProxyDataCollectionManager.InvokeDataCollectionServiceAction: Completed.
TpTrace Verbose: 0 : 55724, 7, 2023/10/09, 15:59:58.796, 3935820803953, vstest.console.dll, ParallelProxyExecutionManager: Execution started. Started clients: 1
TpTrace Verbose: 0 : 55724, 1, 2023/10/09, 15:59:58.796, 3935820804325, vstest.console.dll, ProxyParallelExecutionManager: No sources available for execution.
TpTrace Information: 0 : 55724, 1, 2023/10/09, 15:59:58.796, 3935820807186, vstest.console.dll, TestRunRequest.ExecuteAsync: Started.
TpTrace Verbose: 0 : 55724, 1, 2023/10/09, 15:59:58.796, 3935820808645, vstest.console.dll, TestRunRequest.WaitForCompletion: Waiting with timeout -1.
TpTrace Verbose: 0 : 55724, 7, 2023/10/09, 15:59:58.796, 3935820810397, vstest.console.dll, TestRunRequest:SendTestRunMessage: Starting.
TpTrace Verbose: 0 : 55724, 7, 2023/10/09, 15:59:58.797, 3935820813246, vstest.console.dll, MulticastDelegateUtilities.SafeInvoke: TestRun.LogMessages: Invoking callback 1/1 for Microsoft.VisualStudio.TestPlatform.CommandLine.TestRunResultAggregator., took 0 ms.
TpTrace Information: 0 : 55724, 7, 2023/10/09, 15:59:58.797, 3935820813984, vstest.console.dll, TestRunRequest:SendTestRunMessage: Completed.
TpTrace Verbose: 0 : 55724, 4, 2023/10/09, 15:59:58.797, 3935820815238, vstest.console.dll, MulticastDelegateUtilities.SafeInvoke: InternalTestLoggerEvents.SendTestRunMessage: Invoking callback 1/1 for Microsoft.VisualStudio.TestPlatform.CommandLine.Internal.ConsoleLogger., took 0 ms.
TpTrace Verbose: 0 : 55724, 7, 2023/10/09, 15:59:58.797, 3935820816755, vstest.console.dll, ProxyExecutionManager: Test host is always Lazy initialize.
TpTrace Verbose: 0 : 55724, 7, 2023/10/09, 15:59:58.797, 3935820820737, vstest.console.dll, TestRequestSender.InitializeCommunication: initialize communication. 
TpTrace Information: 0 : 55724, 7, 2023/10/09, 15:59:58.798, 3935820830206, vstest.console.dll, SocketServer.Start: Listening on endpoint : 127.0.0.1:59030
TpTrace Verbose: 0 : 55724, 7, 2023/10/09, 15:59:58.799, 3935820839633, vstest.console.dll, DotnetTestHostmanager.GetTestHostProcessStartInfo: Platform environment 'X64' target architecture 'X64' framework '.NETCoreApp,Version=v6.0' OS 'Windows'
TpTrace Verbose: 0 : 55724, 7, 2023/10/09, 15:59:58.800, 3935820844927, vstest.console.dll, DotnetTestHostmanager: Adding  --runtimeconfig "C:\Users\Jack.Boston\source\repos\OhpenApi\OhpenApi.Tests\bin\Debug\net6.0\fine-code-coverage\build-output\OhpenApi.Tests.runtimeconfig.json" in args
TpTrace Verbose: 0 : 55724, 7, 2023/10/09, 15:59:58.800, 3935820848352, vstest.console.dll, DotnetTestHostmanager: Adding  --depsfile "C:\Users\Jack.Boston\source\repos\OhpenApi\OhpenApi.Tests\bin\Debug\net6.0\fine-code-coverage\build-output\OhpenApi.Tests.deps.json" in args
TpTrace Verbose: 0 : 55724, 7, 2023/10/09, 15:59:58.800, 3935820850400, vstest.console.dll, DotnetTestHostmanager.IsWinOnArm: Current PROCESSOR_ARCHITECTURE from environment variable 'AMD64'
TpTrace Verbose: 0 : 55724, 7, 2023/10/09, 15:59:58.800, 3935820851138, vstest.console.dll, DotnetTestHostmanager.IsWinOnArm: Is Windows on ARM 'False'
TpTrace Verbose: 0 : 55724, 7, 2023/10/09, 15:59:58.800, 3935820852021, vstest.console.dll, DotnetTestHostManager: testhost.exe found at path: C:\Users\Jack.Boston\source\repos\OhpenApi\OhpenApi.Tests\bin\Debug\net6.0\fine-code-coverage\build-output\testhost.exe
TpTrace Verbose: 0 : 55724, 7, 2023/10/09, 15:59:58.801, 3935820852464, vstest.console.dll, DotnetTestHostmanager: Full path of host exe is C:\Users\Jack.Boston\source\repos\OhpenApi\OhpenApi.Tests\bin\Debug\net6.0\fine-code-coverage\build-output\testhost.exe
TpTrace Verbose: 0 : 55724, 7, 2023/10/09, 15:59:58.801, 3935820854022, vstest.console.dll, DotnetTestHostmanager.LaunchTestHostAsync: Found 'VSTEST_WINAPPHOST_DOTNET_ROOT' in env variables, value 'C:\Program Files\dotnet', forwarding to 'DOTNET_ROOT'
TpTrace Verbose: 0 : 55724, 7, 2023/10/09, 15:59:58.801, 3935820856165, vstest.console.dll, DotnetTestHostManager: Starting process 'C:\Users\Jack.Boston\source\repos\OhpenApi\OhpenApi.Tests\bin\Debug\net6.0\fine-code-coverage\build-output\testhost.exe' with command line ' --runtimeconfig "C:\Users\Jack.Boston\source\repos\OhpenApi\OhpenApi.Tests\bin\Debug\net6.0\fine-code-coverage\build-output\OhpenApi.Tests.runtimeconfig.json" --depsfile "C:\Users\Jack.Boston\source\repos\OhpenApi\OhpenApi.Tests\bin\Debug\net6.0\fine-code-coverage\build-output\OhpenApi.Tests.deps.json" --port 59030 --endpoint 127.0.0.1:059030 --role client --parentprocessid 55724 --diag "C:\Users\Jack.Boston\source\repos\OhpenApi\OhpenApi.Tests\bin\Debug\net6.0\fine-code-coverage\coverage-tool-output\diagnostics.host.23-10-09_15-59-58_79925_7.log" --tracelevel 4 --datacollectionport 59029 --telemetryoptedin false'
TpTrace Verbose: 0 : 55724, 7, 2023/10/09, 15:59:58.814, 3935820987650, vstest.console.dll, MulticastDelegateUtilities.SafeInvoke: HostProviderEvents.OnHostLaunched: Invoking callback 1/2 for Microsoft.VisualStudio.TestPlatform.CrossPlatEngine.Client.ProxyExecutionManagerWithDataCollection., took 2 ms.
TpTrace Verbose: 0 : 55724, 7, 2023/10/09, 15:59:58.817, 3935821014637, vstest.console.dll, Test Runtime launched
TpTrace Verbose: 0 : 55724, 7, 2023/10/09, 15:59:58.817, 3935821016393, vstest.console.dll, MulticastDelegateUtilities.SafeInvoke: HostProviderEvents.OnHostLaunched: Invoking callback 2/2 for Microsoft.VisualStudio.TestPlatform.CrossPlatEngine.Client.ProxyOperationManager., took 2 ms.
TpTrace Verbose: 0 : 55724, 7, 2023/10/09, 15:59:58.817, 3935821019279, vstest.console.dll, TestRequestSender.WaitForRequestHandlerConnection: waiting for connection with timeout: 90000.
TpTrace Verbose: 0 : 55724, 7, 2023/10/09, 15:59:59.165, 3935824498418, vstest.console.dll, TestRequestSender.WaitForRequestHandlerConnection: waiting took 347 ms, with timeout 90000 ms, and result 0, which is success.
TpTrace Verbose: 0 : 55724, 12, 2023/10/09, 15:59:59.165, 3935824496766, vstest.console.dll, MulticastDelegateUtilities.SafeInvoke: SocketServer: ClientConnected: Invoking callback 1/1 for Microsoft.VisualStudio.TestPlatform.CommunicationUtilities.TestRequestSender., took 0 ms.
TpTrace Verbose: 0 : 55724, 12, 2023/10/09, 15:59:59.166, 3935824504685, vstest.console.dll, SocketServer.OnClientConnected: Client connected for endPoint: 127.0.0.1:59030, starting MessageLoopAsync:
TpTrace Verbose: 0 : 55724, 12, 2023/10/09, 15:59:59.166, 3935824509868, vstest.console.dll, TcpClientExtensions.MessageLoopAsync: Polling on remoteEndPoint: 127.0.0.1:59031 localEndPoint: 127.0.0.1:59030
TpTrace Verbose: 0 : 55724, 7, 2023/10/09, 15:59:59.167, 3935824518321, vstest.console.dll, TestRequestSender.CheckVersionWithTestHost: Sending check version message: {"MessageType":"ProtocolVersion","Payload":7}
TpTrace Verbose: 0 : 55724, 12, 2023/10/09, 15:59:59.535, 3935828200513, vstest.console.dll, TcpClientExtensions.MessageLoopAsync: NotifyDataAvailable remoteEndPoint: 127.0.0.1:59031 localEndPoint: 127.0.0.1:59030
TpTrace Verbose: 0 : 55724, 12, 2023/10/09, 15:59:59.536, 3935828204605, vstest.console.dll, TestRequestSender.CheckVersionWithTestHost: onMessageReceived received message: (ProtocolVersion) -> {"MessageType":"ProtocolVersion","Payload":5}
TpTrace Verbose: 0 : 55724, 12, 2023/10/09, 15:59:59.537, 3935828219546, vstest.console.dll, MulticastDelegateUtilities.SafeInvoke: LengthPrefixCommunicationChannel: MessageReceived: Invoking callback 1/1 for Microsoft.VisualStudio.TestPlatform.CommunicationUtilities.TestRequestSender+<>c__DisplayClass29_0., took 1 ms.
TpTrace Verbose: 0 : 55724, 12, 2023/10/09, 15:59:59.537, 3935828221248, vstest.console.dll, TcpClientExtensions.MessageLoopAsync: Polling on remoteEndPoint: 127.0.0.1:59031 localEndPoint: 127.0.0.1:59030
TpTrace Verbose: 0 : 55724, 7, 2023/10/09, 15:59:59.538, 3935828224920, vstest.console.dll, TestPluginCache.GetExtensionPaths: Filtered extension paths: 
TpTrace Verbose: 0 : 55724, 7, 2023/10/09, 15:59:59.538, 3935828225900, vstest.console.dll, TestPluginCache.GetExtensionPaths: Added default extension paths: C:\Program Files\dotnet\sdk\7.0.200\Extensions\Microsoft.Diagnostics.NETCore.Client.dll
C:\Program Files\dotnet\sdk\7.0.200\Extensions\Microsoft.TestPlatform.Extensions.BlameDataCollector.dll
C:\Program Files\dotnet\sdk\7.0.200\Extensions\Microsoft.TestPlatform.Extensions.EventLogCollector.dll
C:\Program Files\dotnet\sdk\7.0.200\Extensions\Microsoft.TestPlatform.TestHostRuntimeProvider.dll
C:\Program Files\dotnet\sdk\7.0.200\Extensions\Microsoft.VisualStudio.TestPlatform.Extensions.Html.TestLogger.dll
C:\Program Files\dotnet\sdk\7.0.200\Extensions\Microsoft.VisualStudio.TestPlatform.Extensions.Trx.TestLogger.dll
TpTrace Verbose: 0 : 55724, 7, 2023/10/09, 15:59:59.538, 3935828226447, vstest.console.dll, TestPluginCache.GetExtensionPaths: Added unfilterableExtensionPaths: 
TpTrace Verbose: 0 : 55724, 7, 2023/10/09, 15:59:59.548, 3935828330782, vstest.console.dll, TestRequestSender.InitializeExecution: Sending initialize execution with message: {"Version":5,"MessageType":"TestExecution.Initialize","Payload":["C:\\Users\\Jack.Boston\\source\\repos\\OhpenApi\\OhpenApi.Tests\\bin\\Debug\\net6.0\\fine-code-coverage\\build-output\\NUnit3.TestAdapter.dll"]}
TpTrace Warning: 0 : 55724, 7, 2023/10/09, 15:59:59.549, 3935828342322, vstest.console.dll, InferRunSettingsHelper.MakeRunsettingsCompatible: Removing the following settings: TargetPlatform from RunSettings file. To use those settings please move to latest version of Microsoft.NET.Test.Sdk
TpTrace Verbose: 0 : 55724, 12, 2023/10/09, 15:59:59.562, 3935828465819, vstest.console.dll, TcpClientExtensions.MessageLoopAsync: NotifyDataAvailable remoteEndPoint: 127.0.0.1:59031 localEndPoint: 127.0.0.1:59030
TpTrace Verbose: 0 : 55724, 12, 2023/10/09, 15:59:59.563, 3935828473295, vstest.console.dll, TestRequestSender.OnExecutionMessageReceived: Received message: {"Version":5,"MessageType":"TestSession.Message","Payload":{"MessageLevel":0,"Message":"Logging TestHost Diagnostics in file: C:\\Users\\Jack.Boston\\source\\repos\\OhpenApi\\OhpenApi.Tests\\bin\\Debug\\net6.0\\fine-code-coverage\\coverage-tool-output\\diagnostics.host.23-10-09_15-59-58_79925_7.log"}}
TpTrace Verbose: 0 : 55724, 12, 2023/10/09, 15:59:59.566, 3935828503189, vstest.console.dll, TestRunRequest:SendTestRunMessage: Starting.
TpTrace Verbose: 0 : 55724, 12, 2023/10/09, 15:59:59.566, 3935828506089, vstest.console.dll, MulticastDelegateUtilities.SafeInvoke: TestRun.LogMessages: Invoking callback 1/1 for Microsoft.VisualStudio.TestPlatform.CommandLine.TestRunResultAggregator., took 0 ms.
TpTrace Verbose: 0 : 55724, 4, 2023/10/09, 15:59:59.566, 3935828506425, vstest.console.dll, MulticastDelegateUtilities.SafeInvoke: InternalTestLoggerEvents.SendTestRunMessage: Invoking callback 1/1 for Microsoft.VisualStudio.TestPlatform.CommandLine.Internal.ConsoleLogger., took 0 ms.
TpTrace Information: 0 : 55724, 12, 2023/10/09, 15:59:59.566, 3935828507893, vstest.console.dll, TestRunRequest:SendTestRunMessage: Completed.
TpTrace Verbose: 0 : 55724, 12, 2023/10/09, 15:59:59.566, 3935828508833, vstest.console.dll, MulticastDelegateUtilities.SafeInvoke: LengthPrefixCommunicationChannel: MessageReceived: Invoking callback 1/1 for Microsoft.VisualStudio.TestPlatform.CommunicationUtilities.TestRequestSender+<>c__DisplayClass34_0., took 3 ms.
TpTrace Verbose: 0 : 55724, 12, 2023/10/09, 15:59:59.566, 3935828509442, vstest.console.dll, TcpClientExtensions.MessageLoopAsync: Polling on remoteEndPoint: 127.0.0.1:59031 localEndPoint: 127.0.0.1:59030
TpTrace Verbose: 0 : 55724, 7, 2023/10/09, 15:59:59.567, 3935828519814, vstest.console.dll, TestRequestSender.StartTestRun: Sending test run with message: {"Version":5,"MessageType":"TestExecution.StartWithSources","Payload":{"AdapterSourceMap":{"_none_":["C:\\Users\\Jack.Boston\\source\\repos\\OhpenApi\\OhpenApi.Tests\\bin\\Debug\\net6.0\\fine-code-coverage\\build-output\\OhpenApi.Tests.dll"]},"RunSettings":"<RunSettings>\r\n  <RunConfiguration>\r\n    <ResultsDirectory>C:\\Users\\Jack.Boston\\source\\repos\\OhpenApi\\OhpenApi.Tests\\bin\\Debug\\net6.0\\fine-code-coverage\\coverage-tool-output</ResultsDirectory>\r\n    <TargetFrameworkVersion>.NETCoreApp,Version=v6.0</TargetFrameworkVersion>\r\n    <DesignMode>False</DesignMode>\r\n    <CollectSourceInformation>False</CollectSourceInformation>\r\n  </RunConfiguration>\r\n  <LoggerRunSettings>\r\n    <Loggers>\r\n      <Logger friendlyName=\"blame\" enabled=\"True\" />\r\n      <Logger friendlyName=\"Console\" uri=\"logger://microsoft/TestPlatform/ConsoleLogger/v1\" assemblyQualifiedName=\"Microsoft.VisualStudio.TestPlatform.CommandLine.Internal.ConsoleLogger, vstest.console, Version=15.0.0.0, Culture=neutral, PublicKeyToken=b03f5f7f11d50a3a\" codeBase=\"C:\\Program Files\\dotnet\\sdk\\7.0.200\\vstest.console.dll\" enabled=\"True\" />\r\n    </Loggers>\r\n  </LoggerRunSettings>\r\n  <DataCollectionRunSettings>\r\n    <DataCollectors>\r\n      <DataCollector friendlyName=\"blame\" enabled=\"True\">\r\n        <Configuration>\r\n          <ResultsDirectory>C:\\Users\\Jack.Boston\\source\\repos\\OhpenApi\\OhpenApi.Tests\\bin\\Debug\\net6.0\\fine-code-coverage\\coverage-tool-output</ResultsDirectory>\r\n        </Configuration>\r\n      </DataCollector>\r\n    </DataCollectors>\r\n  </DataCollectionRunSettings>\r\n</RunSettings>","TestExecutionContext":{"FrequencyOfRunStatsChangeEvent":10,"RunStatsChangeEventTimeout":"00:00:01.5000000","InIsolation":false,"KeepAlive":false,"AreTestCaseLevelEventsRequired":false,"IsDebug":false,"TestCaseFilter":null,"FilterOptions":null},"Package":null}}
TpTrace Verbose: 0 : 55724, 12, 2023/10/09, 15:59:59.787, 3935830719462, vstest.console.dll, TcpClientExtensions.MessageLoopAsync: NotifyDataAvailable remoteEndPoint: 127.0.0.1:59031 localEndPoint: 127.0.0.1:59030
TpTrace Verbose: 0 : 55724, 12, 2023/10/09, 15:59:59.787, 3935830721349, vstest.console.dll, TestRequestSender.OnExecutionMessageReceived: Received message: {"Version":5,"MessageType":"TestSession.Message","Payload":{"MessageLevel":0,"Message":"NUnit Adapter 4.2.0.0: Test execution started"}}
TpTrace Verbose: 0 : 55724, 12, 2023/10/09, 15:59:59.788, 3935830723952, vstest.console.dll, TestRunRequest:SendTestRunMessage: Starting.
TpTrace Verbose: 0 : 55724, 12, 2023/10/09, 15:59:59.788, 3935830724791, vstest.console.dll, MulticastDelegateUtilities.SafeInvoke: TestRun.LogMessages: Invoking callback 1/1 for Microsoft.VisualStudio.TestPlatform.CommandLine.TestRunResultAggregator., took 0 ms.
TpTrace Verbose: 0 : 55724, 4, 2023/10/09, 15:59:59.788, 3935830724998, vstest.console.dll, MulticastDelegateUtilities.SafeInvoke: InternalTestLoggerEvents.SendTestRunMessage: Invoking callback 1/1 for Microsoft.VisualStudio.TestPlatform.CommandLine.Internal.ConsoleLogger., took 0 ms.
TpTrace Information: 0 : 55724, 12, 2023/10/09, 15:59:59.788, 3935830725154, vstest.console.dll, TestRunRequest:SendTestRunMessage: Completed.
TpTrace Verbose: 0 : 55724, 12, 2023/10/09, 15:59:59.788, 3935830726189, vstest.console.dll, MulticastDelegateUtilities.SafeInvoke: LengthPrefixCommunicationChannel: MessageReceived: Invoking callback 1/1 for Microsoft.VisualStudio.TestPlatform.CommunicationUtilities.TestRequestSender+<>c__DisplayClass34_0., took 0 ms.
TpTrace Verbose: 0 : 55724, 12, 2023/10/09, 15:59:59.788, 3935830726476, vstest.console.dll, TcpClientExtensions.MessageLoopAsync: Polling on remoteEndPoint: 127.0.0.1:59031 localEndPoint: 127.0.0.1:59030
TpTrace Verbose: 0 : 55724, 12, 2023/10/09, 15:59:59.830, 3935831146310, vstest.console.dll, TcpClientExtensions.MessageLoopAsync: NotifyDataAvailable remoteEndPoint: 127.0.0.1:59031 localEndPoint: 127.0.0.1:59030
TpTrace Verbose: 0 : 55724, 12, 2023/10/09, 15:59:59.831, 3935831159714, vstest.console.dll, TestRequestSender.OnExecutionMessageReceived: Received message: {"Version":5,"MessageType":"TestSession.Message","Payload":{"MessageLevel":0,"Message":"Running all tests in C:\\Users\\Jack.Boston\\source\\repos\\OhpenApi\\OhpenApi.Tests\\bin\\Debug\\net6.0\\fine-code-coverage\\build-output\\OhpenApi.Tests.dll"}}
TpTrace Verbose: 0 : 55724, 12, 2023/10/09, 15:59:59.832, 3935831164350, vstest.console.dll, TestRunRequest:SendTestRunMessage: Starting.
TpTrace Verbose: 0 : 55724, 12, 2023/10/09, 15:59:59.832, 3935831165424, vstest.console.dll, MulticastDelegateUtilities.SafeInvoke: TestRun.LogMessages: Invoking callback 1/1 for Microsoft.VisualStudio.TestPlatform.CommandLine.TestRunResultAggregator., took 0 ms.
TpTrace Information: 0 : 55724, 12, 2023/10/09, 15:59:59.832, 3935831165887, vstest.console.dll, TestRunRequest:SendTestRunMessage: Completed.
TpTrace Verbose: 0 : 55724, 4, 2023/10/09, 15:59:59.832, 3935831165895, vstest.console.dll, MulticastDelegateUtilities.SafeInvoke: InternalTestLoggerEvents.SendTestRunMessage: Invoking callback 1/1 for Microsoft.VisualStudio.TestPlatform.CommandLine.Internal.ConsoleLogger., took 0 ms.
TpTrace Verbose: 0 : 55724, 12, 2023/10/09, 15:59:59.832, 3935831166240, vstest.console.dll, MulticastDelegateUtilities.SafeInvoke: LengthPrefixCommunicationChannel: MessageReceived: Invoking callback 1/1 for Microsoft.VisualStudio.TestPlatform.CommunicationUtilities.TestRequestSender+<>c__DisplayClass34_0., took 1 ms.
TpTrace Verbose: 0 : 55724, 12, 2023/10/09, 15:59:59.832, 3935831167848, vstest.console.dll, TcpClientExtensions.MessageLoopAsync: Polling on remoteEndPoint: 127.0.0.1:59031 localEndPoint: 127.0.0.1:59030
TpTrace Verbose: 0 : 55724, 12, 2023/10/09, 16:00:00.067, 3935833522715, vstest.console.dll, TcpClientExtensions.MessageLoopAsync: NotifyDataAvailable remoteEndPoint: 127.0.0.1:59031 localEndPoint: 127.0.0.1:59030
TpTrace Verbose: 0 : 55724, 12, 2023/10/09, 16:00:00.068, 3935833528044, vstest.console.dll, TestRequestSender.OnExecutionMessageReceived: Received message: {"Version":5,"MessageType":"TestSession.Message","Payload":{"MessageLevel":0,"Message":"   NUnit3TestExecutor discovered 27 of 27 NUnit test cases using Current Discovery mode, Non-Explicit run"}}
TpTrace Verbose: 0 : 55724, 12, 2023/10/09, 16:00:00.068, 3935833530024, vstest.console.dll, TestRunRequest:SendTestRunMessage: Starting.
TpTrace Verbose: 0 : 55724, 12, 2023/10/09, 16:00:00.068, 3935833530954, vstest.console.dll, MulticastDelegateUtilities.SafeInvoke: TestRun.LogMessages: Invoking callback 1/1 for Microsoft.VisualStudio.TestPlatform.CommandLine.TestRunResultAggregator., took 0 ms.
TpTrace Information: 0 : 55724, 12, 2023/10/09, 16:00:00.068, 3935833531389, vstest.console.dll, TestRunRequest:SendTestRunMessage: Completed.
TpTrace Verbose: 0 : 55724, 12, 2023/10/09, 16:00:00.068, 3935833532295, vstest.console.dll, MulticastDelegateUtilities.SafeInvoke: LengthPrefixCommunicationChannel: MessageReceived: Invoking callback 1/1 for Microsoft.VisualStudio.TestPlatform.CommunicationUtilities.TestRequestSender+<>c__DisplayClass34_0., took 0 ms.
TpTrace Verbose: 0 : 55724, 12, 2023/10/09, 16:00:00.069, 3935833532767, vstest.console.dll, TcpClientExtensions.MessageLoopAsync: Polling on remoteEndPoint: 127.0.0.1:59031 localEndPoint: 127.0.0.1:59030
TpTrace Verbose: 0 : 55724, 4, 2023/10/09, 16:00:00.069, 3935833534106, vstest.console.dll, MulticastDelegateUtilities.SafeInvoke: InternalTestLoggerEvents.SendTestRunMessage: Invoking callback 1/1 for Microsoft.VisualStudio.TestPlatform.CommandLine.Internal.ConsoleLogger., took 0 ms.
TpTrace Verbose: 0 : 55724, 12, 2023/10/09, 16:00:00.428, 3935837127666, vstest.console.dll, TcpClientExtensions.MessageLoopAsync: NotifyDataAvailable remoteEndPoint: 127.0.0.1:59031 localEndPoint: 127.0.0.1:59030
TpTrace Verbose: 0 : 55724, 12, 2023/10/09, 16:00:00.429, 3935837133732, vstest.console.dll, TestRequestSender.OnExecutionMessageReceived: Received message: {"Version":5,"MessageType":"TestExecution.StatsChange","Payload":{"NewTestResults":[{"TestCase":{"Id":"941ebac4-3e6f-8baa-8c63-3acdc5cf2abd","FullyQualifiedName":"OhpenApi.Tests.BaseJobServiceTests.GetJobLogseReturnsError","DisplayName":"GetJobLogseReturnsError","ExecutorUri":"executor://NUnit3TestExecutor","Source":"C:\\Users\\Jack.Boston\\source\\repos\\OhpenApi\\OhpenApi.Tests\\bin\\Debug\\net6.0\\fine-code-coverage\\build-output\\OhpenApi.Tests.dll","CodeFilePath":null,"LineNumber":0,"Properties":[{"Key":{"Id":"NUnit.Seed","Label":"Seed","Category":"","Description":"","Attributes":0,"ValueType":"System.String"},"Value":"1640719609"}]},"Attachments":[],"Outcome":1,"ErrorMessage":null,"ErrorStackTrace":null,"DisplayName":"GetJobLogseReturnsError","Messages":[],"ComputerName":"DESKTOP-NOENVJS","Duration":"00:00:00.1294490","StartTime":"2023-10-09T15:00:00.1238126+00:00","EndTime":"2023-10-09T15:00:00.2531764+00:00","Properties":[{"Key":{"Id":"NUnit.Seed","Label":"Seed","Category":"","Description":"","Attributes":0,"ValueType":"System.String"},"Value":"1640719609"}]},{"TestCase":{"Id":"5e7086b6-4ca5-8715-d9ca-f2ba3ef8ee65","FullyQualifiedName":"OhpenApi.Tests.BaseJobServiceTests.GetJobLogseReturnsLogResponse","DisplayName":"GetJobLogseReturnsLogResponse","ExecutorUri":"executor://NUnit3TestExecutor","Source":"C:\\Users\\Jack.Boston\\source\\repos\\OhpenApi\\OhpenApi.Tests\\bin\\Debug\\net6.0\\fine-code-coverage\\build-output\\OhpenApi.Tests.dll","CodeFilePath":null,"LineNumber":0,"Properties":[{"Key":{"Id":"NUnit.Seed","Label":"Seed","Category":"","Description":"","Attributes":0,"ValueType":"System.String"},"Value":"1551794705"}]},"Attachments":[],"Outcome":1,"ErrorMessage":null,"ErrorStackTrace":null,"DisplayName":"GetJobLogseReturnsLogResponse","Messages":[],"ComputerName":"DESKTOP-NOENVJS","Duration":"00:00:00.0029740","StartTime":"2023-10-09T15:00:00.2560625+00:00","EndTime":"2023-10-09T15:00:00.2590369+00:00","Properties":[{"Key":{"Id":"NUnit.Seed","Label":"Seed","Category":"","Description":"","Attributes":0,"ValueType":"System.String"},"Value":"1551794705"}]},{"TestCase":{"Id":"afe1aca8-42a4-6dbc-11ca-46c80d1409f0","FullyQualifiedName":"OhpenApi.Tests.BaseJobServiceTests.GetJobResponseReturnsError","DisplayName":"GetJobResponseReturnsError","ExecutorUri":"executor://NUnit3TestExecutor","Source":"C:\\Users\\Jack.Boston\\source\\repos\\OhpenApi\\OhpenApi.Tests\\bin\\Debug\\net6.0\\fine-code-coverage\\build-output\\OhpenApi.Tests.dll","CodeFilePath":null,"LineNumber":0,"Properties":[{"Key":{"Id":"NUnit.Seed","Label":"Seed","Category":"","Description":"","Attributes":0,"ValueType":"System.String"},"Value":"964718463"}]},"Attachments":[],"Outcome":1,"ErrorMessage":null,"ErrorStackTrace":null,"DisplayName":"GetJobResponseReturnsError","Messages":[],"ComputerName":"DESKTOP-NOENVJS","Duration":"00:00:00.0006600","StartTime":"2023-10-09T15:00:00.2590894+00:00","EndTime":"2023-10-09T15:00:00.2597493+00:00","Properties":[{"Key":{"Id":"NUnit.Seed","Label":"Seed","Category":"","Description":"","Attributes":0,"ValueType":"System.String"},"Value":"964718463"}]},{"TestCase":{"Id":"06ed66e3-9bab-89bb-f46e-a37a5b341be5","FullyQualifiedName":"OhpenApi.Tests.BaseJobServiceTests.GetJobResponseReturnsJobResponse","DisplayName":"GetJobResponseReturnsJobResponse","ExecutorUri":"executor://NUnit3TestExecutor","Source":"C:\\Users\\Jack.Boston\\source\\repos\\OhpenApi\\OhpenApi.Tests\\bin\\Debug\\net6.0\\fine-code-coverage\\build-output\\OhpenApi.Tests.dll","CodeFilePath":null,"LineNumber":0,"Properties":[{"Key":{"Id":"NUnit.Seed","Label":"Seed","Category":"","Description":"","Attributes":0,"ValueType":"System.String"},"Value":"519164622"}]},"Attachments":[],"Outcome":1,"ErrorMessage":null,"ErrorStackTrace":null,"DisplayName":"GetJobResponseReturnsJobResponse","Messages":[],"ComputerName":"DESKTOP-NOENVJS","Duration":"00:00:00.0005530","StartTime":"2023-10-09T15:00:00.2597704+00:00","EndTime":"2023-10-09T15:00:00.2603231+00:00","Properties":[{"Key":{"Id":"NUnit.Seed","Label":"Seed","Category":"","Description":"","Attributes":0,"ValueType":"System.String"},"Value":"519164622"}]},{"TestCase":{"Id":"c6ccb7ad-5a7e-49be-ded2-877df49034c9","FullyQualifiedName":"OhpenApi.Tests.JobControllerTests.GetJobLogsSuccessfullyRetrieves","DisplayName":"GetJobLogsSuccessfullyRetrieves","ExecutorUri":"executor://NUnit3TestExecutor","Source":"C:\\Users\\Jack.Boston\\source\\repos\\OhpenApi\\OhpenApi.Tests\\bin\\Debug\\net6.0\\fine-code-coverage\\build-output\\OhpenApi.Tests.dll","CodeFilePath":null,"LineNumber":0,"Properties":[{"Key":{"Id":"NUnit.Seed","Label":"Seed","Category":"","Description":"","Attributes":0,"ValueType":"System.String"},"Value":"652009480"}]},"Attachments":[],"Outcome":1,"ErrorMessage":null,"ErrorStackTrace":null,"DisplayName":"GetJobLogsSuccessfullyRetrieves","Messages":[],"ComputerName":"DESKTOP-NOENVJS","Duration":"00:00:00.0150170","StartTime":"2023-10-09T15:00:00.2706564+00:00","EndTime":"2023-10-09T15:00:00.285673+00:00","Properties":[{"Key":{"Id":"NUnit.Seed","Label":"Seed","Category":"","Description":"","Attributes":0,"ValueType":"System.String"},"Value":"652009480"}]},{"TestCase":{"Id":"8c4cf0a3-5a6e-cf64-e7ad-f750d6fbfefc","FullyQualifiedName":"OhpenApi.Tests.JobControllerTests.GetJobLogsUnsuccessfullyRetrieves","DisplayName":"GetJobLogsUnsuccessfullyRetrieves","ExecutorUri":"executor://NUnit3TestExecutor","Source":"C:\\Users\\Jack.Boston\\source\\repos\\OhpenApi\\OhpenApi.Tests\\bin\\Debug\\net6.0\\fine-code-coverage\\build-output\\OhpenApi.Tests.dll","CodeFilePath":null,"LineNumber":0,"Properties":[{"Key":{"Id":"NUnit.Seed","Label":"Seed","Category":"","Description":"","Attributes":0,"ValueType":"System.String"},"Value":"424546024"}]},"Attachments":[],"Outcome":1,"ErrorMessage":null,"ErrorStackTrace":null,"DisplayName":"GetJobLogsUnsuccessfullyRetrieves","Messages":[],"ComputerName":"DESKTOP-NOENVJS","Duration":"00:00:00.0013170","StartTime":"2023-10-09T15:00:00.2857081+00:00","EndTime":"2023-10-09T15:00:00.2870246+00:00","Properties":[{"Key":{"Id":"NUnit.Seed","Label":"Seed","Category":"","Description":"","Attributes":0,"ValueType":"System.String"},"Value":"424546024"}]},{"TestCase":{"Id":"4f58ef3f-eee6-c861-4269-f33fb86f8eb0","FullyQualifiedName":"OhpenApi.Tests.JobControllerTests.GetJobSuccessfullyRetrieves","DisplayName":"GetJobSuccessfullyRetrieves","ExecutorUri":"executor://NUnit3TestExecutor","Source":"C:\\Users\\Jack.Boston\\source\\repos\\OhpenApi\\OhpenApi.Tests\\bin\\Debug\\net6.0\\fine-code-coverage\\build-output\\OhpenApi.Tests.dll","CodeFilePath":null,"LineNumber":0,"Properties":[{"Key":{"Id":"NUnit.Seed","Label":"Seed","Category":"","Description":"","Attributes":0,"ValueType":"System.String"},"Value":"1913803920"}]},"Attachments":[],"Outcome":1,"ErrorMessage":null,"ErrorStackTrace":null,"DisplayName":"GetJobSuccessfullyRetrieves","Messages":[],"ComputerName":"DESKTOP-NOENVJS","Duration":"00:00:00.0014610","StartTime":"2023-10-09T15:00:00.2870474+00:00","EndTime":"2023-10-09T15:00:00.2885078+00:00","Properties":[{"Key":{"Id":"NUnit.Seed","Label":"Seed","Category":"","Description":"","Attributes":0,"ValueType":"System.String"},"Value":"1913803920"}]},{"TestCase":{"Id":"311f5c29-49ec-b86f-1af8-85451b3b17aa","FullyQualifiedName":"OhpenApi.Tests.JobControllerTests.GetJobUnsuccessfullyRetrieves","DisplayName":"GetJobUnsuccessfullyRetrieves","ExecutorUri":"executor://NUnit3TestExecutor","Source":"C:\\Users\\Jack.Boston\\source\\repos\\OhpenApi\\OhpenApi.Tests\\bin\\Debug\\net6.0\\fine-code-coverage\\build-output\\OhpenApi.Tests.dll","CodeFilePath":null,"LineNumber":0,"Properties":[{"Key":{"Id":"NUnit.Seed","Label":"Seed","Category":"","Description":"","Attributes":0,"ValueType":"System.String"},"Value":"1682866980"}]},"Attachments":[],"Outcome":1,"ErrorMessage":null,"ErrorStackTrace":null,"DisplayName":"GetJobUnsuccessfullyRetrieves","Messages":[],"ComputerName":"DESKTOP-NOENVJS","Duration":"00:00:00.0004340","StartTime":"2023-10-09T15:00:00.2885599+00:00","EndTime":"2023-10-09T15:00:00.2889937+00:00","Properties":[{"Key":{"Id":"NUnit.Seed","Label":"Seed","Category":"","Description":"","Attributes":0,"ValueType":"System.String"},"Value":"1682866980"}]},{"TestCase":{"Id":"8a686144-412a-96fb-e1ca-21d20176de3b","FullyQualifiedName":"OhpenApi.Tests.JobControllerTests.PostTransactionsCorrectlyPostsData","DisplayName":"PostTransactionsCorrectlyPostsData","ExecutorUri":"executor://NUnit3TestExecutor","Source":"C:\\Users\\Jack.Boston\\source\\repos\\OhpenApi\\OhpenApi.Tests\\bin\\Debug\\net6.0\\fine-code-coverage\\build-output\\OhpenApi.Tests.dll","CodeFilePath":null,"LineNumber":0,"Properties":[{"Key":{"Id":"NUnit.Seed","Label":"Seed","Category":"","Description":"","Attributes":0,"ValueType":"System.String"},"Value":"2070945492"}]},"Attachments":[],"Outcome":1,"ErrorMessage":null,"ErrorStackTrace":null,"DisplayName":"PostTransactionsCorrectlyPostsData","Messages":[],"ComputerName":"DESKTOP-NOENVJS","Duration":"00:00:00.0867520","StartTime":"2023-10-09T15:00:00.2890197+00:00","EndTime":"2023-10-09T15:00:00.3757702+00:00","Properties":[{"Key":{"Id":"NUnit.Seed","Label":"Seed","Category":"","Description":"","Attributes":0,"ValueType":"System.String"},"Value":"2070945492"}]}],"TestRunStatistics":{"ExecutedTests":9,"Stats":{"Passed":9}},"ActiveTests":[{"Id":"d7c64e14-bb36-bd4a-501e-b5a804d10cab","FullyQualifiedName":"OhpenApi.Tests.JobControllerTests.PostTransactionsInCorrectlyPostsData","DisplayName":"PostTransactionsInCorrectlyPostsData","ExecutorUri":"executor://NUnit3TestExecutor","Source":"C:\\Users\\Jack.Boston\\source\\repos\\OhpenApi\\OhpenApi.Tests\\bin\\Debug\\net6.0\\fine-code-coverage\\build-output\\OhpenApi.Tests.dll","CodeFilePath":null,"LineNumber":0,"Properties":[{"Key":{"Id":"NUnit.Seed","Label":"Seed","Category":"","Description":"","Attributes":0,"ValueType":"System.String"},"Value":"492647775"}]}]}}
TpTrace Verbose: 0 : 55724, 12, 2023/10/09, 16:00:00.471, 3935837557069, vstest.console.dll, TestRunRequest:SendTestRunStatsChange: Starting.
TpTrace Verbose: 0 : 55724, 12, 2023/10/09, 16:00:00.471, 3935837560427, vstest.console.dll, InProgress is PostTransactionsInCorrectlyPostsData
TpTrace Verbose: 0 : 55724, 12, 2023/10/09, 16:00:00.472, 3935837564579, vstest.console.dll, MulticastDelegateUtilities.SafeInvoke: TestRun.RunStatsChanged: Invoking callbacks was skipped because there are no subscribers.
TpTrace Information: 0 : 55724, 12, 2023/10/09, 16:00:00.472, 3935837565188, vstest.console.dll, TestRunRequest:SendTestRunStatsChange: Completed.
TpTrace Verbose: 0 : 55724, 12, 2023/10/09, 16:00:00.472, 3935837565682, vstest.console.dll, MulticastDelegateUtilities.SafeInvoke: LengthPrefixCommunicationChannel: MessageReceived: Invoking callback 1/1 for Microsoft.VisualStudio.TestPlatform.CommunicationUtilities.TestRequestSender+<>c__DisplayClass34_0., took 43 ms.
TpTrace Verbose: 0 : 55724, 12, 2023/10/09, 16:00:00.472, 3935837566079, vstest.console.dll, TcpClientExtensions.MessageLoopAsync: Polling on remoteEndPoint: 127.0.0.1:59031 localEndPoint: 127.0.0.1:59030
TpTrace Verbose: 0 : 55724, 12, 2023/10/09, 16:00:00.472, 3935837566615, vstest.console.dll, TcpClientExtensions.MessageLoopAsync: NotifyDataAvailable remoteEndPoint: 127.0.0.1:59031 localEndPoint: 127.0.0.1:59030
TpTrace Verbose: 0 : 55724, 12, 2023/10/09, 16:00:00.472, 3935837569455, vstest.console.dll, TestRequestSender.OnExecutionMessageReceived: Received message: {"Version":5,"MessageType":"TestExecution.StatsChange","Payload":{"NewTestResults":[{"TestCase":{"Id":"d7c64e14-bb36-bd4a-501e-b5a804d10cab","FullyQualifiedName":"OhpenApi.Tests.JobControllerTests.PostTransactionsInCorrectlyPostsData","DisplayName":"PostTransactionsInCorrectlyPostsData","ExecutorUri":"executor://NUnit3TestExecutor","Source":"C:\\Users\\Jack.Boston\\source\\repos\\OhpenApi\\OhpenApi.Tests\\bin\\Debug\\net6.0\\fine-code-coverage\\build-output\\OhpenApi.Tests.dll","CodeFilePath":null,"LineNumber":0,"Properties":[{"Key":{"Id":"NUnit.Seed","Label":"Seed","Category":"","Description":"","Attributes":0,"ValueType":"System.String"},"Value":"492647775"}]},"Attachments":[],"Outcome":1,"ErrorMessage":null,"ErrorStackTrace":null,"DisplayName":"PostTransactionsInCorrectlyPostsData","Messages":[],"ComputerName":"DESKTOP-NOENVJS","Duration":"00:00:00.0006660","StartTime":"2023-10-09T15:00:00.3758113+00:00","EndTime":"2023-10-09T15:00:00.3764774+00:00","Properties":[{"Key":{"Id":"NUnit.Seed","Label":"Seed","Category":"","Description":"","Attributes":0,"ValueType":"System.String"},"Value":"492647775"}]},{"TestCase":{"Id":"58787963-4321-9bc5-df67-5b05a27073ef","FullyQualifiedName":"OhpenApi.Tests.BatchJobServiceTests.GetJobLogseReturnsError","DisplayName":"GetJobLogseReturnsError","ExecutorUri":"executor://NUnit3TestExecutor","Source":"C:\\Users\\Jack.Boston\\source\\repos\\OhpenApi\\OhpenApi.Tests\\bin\\Debug\\net6.0\\fine-code-coverage\\build-output\\OhpenApi.Tests.dll","CodeFilePath":null,"LineNumber":0,"Properties":[{"Key":{"Id":"NUnit.Seed","Label":"Seed","Category":"","Description":"","Attributes":0,"ValueType":"System.String"},"Value":"796418875"}]},"Attachments":[],"Outcome":1,"ErrorMessage":null,"ErrorStackTrace":null,"DisplayName":"GetJobLogseReturnsError","Messages":[],"ComputerName":"DESKTOP-NOENVJS","Duration":"00:00:00.0003270","StartTime":"2023-10-09T15:00:00.376783+00:00","EndTime":"2023-10-09T15:00:00.3771098+00:00","Properties":[{"Key":{"Id":"NUnit.Seed","Label":"Seed","Category":"","Description":"","Attributes":0,"ValueType":"System.String"},"Value":"796418875"}]},{"TestCase":{"Id":"9b252630-357c-235b-471f-80665f5fb6b5","FullyQualifiedName":"OhpenApi.Tests.BatchJobServiceTests.GetJobLogseReturnsLogResponse","DisplayName":"GetJobLogseReturnsLogResponse","ExecutorUri":"executor://NUnit3TestExecutor","Source":"C:\\Users\\Jack.Boston\\source\\repos\\OhpenApi\\OhpenApi.Tests\\bin\\Debug\\net6.0\\fine-code-coverage\\build-output\\OhpenApi.Tests.dll","CodeFilePath":null,"LineNumber":0,"Properties":[{"Key":{"Id":"NUnit.Seed","Label":"Seed","Category":"","Description":"","Attributes":0,"ValueType":"System.String"},"Value":"316237516"}]},"Attachments":[],"Outcome":1,"ErrorMessage":null,"ErrorStackTrace":null,"DisplayName":"GetJobLogseReturnsLogResponse","Messages":[],"ComputerName":"DESKTOP-NOENVJS","Duration":"00:00:00.0000520","StartTime":"2023-10-09T15:00:00.3771249+00:00","EndTime":"2023-10-09T15:00:00.3771767+00:00","Properties":[{"Key":{"Id":"NUnit.Seed","Label":"Seed","Category":"","Description":"","Attributes":0,"ValueType":"System.String"},"Value":"316237516"}]},{"TestCase":{"Id":"618216f3-4cf9-eecc-5e28-5f63b5dcb775","FullyQualifiedName":"OhpenApi.Tests.BatchJobServiceTests.GetJobResponseReturnsError","DisplayName":"GetJobResponseReturnsError","ExecutorUri":"executor://NUnit3TestExecutor","Source":"C:\\Users\\Jack.Boston\\source\\repos\\OhpenApi\\OhpenApi.Tests\\bin\\Debug\\net6.0\\fine-code-coverage\\build-output\\OhpenApi.Tests.dll","CodeFilePath":null,"LineNumber":0,"Properties":[{"Key":{"Id":"NUnit.Seed","Label":"Seed","Category":"","Description":"","Attributes":0,"ValueType":"System.String"},"Value":"2043676573"}]},"Attachments":[],"Outcome":1,"ErrorMessage":null,"ErrorStackTrace":null,"DisplayName":"GetJobResponseReturnsError","Messages":[],"ComputerName":"DESKTOP-NOENVJS","Duration":"00:00:00.0000270","StartTime":"2023-10-09T15:00:00.3771883+00:00","EndTime":"2023-10-09T15:00:00.3772154+00:00","Properties":[{"Key":{"Id":"NUnit.Seed","Label":"Seed","Category":"","Description":"","Attributes":0,"ValueType":"System.String"},"Value":"2043676573"}]},{"TestCase":{"Id":"0e825bee-7c18-5419-842e-b6f10a0d3ad9","FullyQualifiedName":"OhpenApi.Tests.BatchJobServiceTests.GetJobResponseReturnsJobResponse","DisplayName":"GetJobResponseReturnsJobResponse","ExecutorUri":"executor://NUnit3TestExecutor","Source":"C:\\Users\\Jack.Boston\\source\\repos\\OhpenApi\\OhpenApi.Tests\\bin\\Debug\\net6.0\\fine-code-coverage\\build-output\\OhpenApi.Tests.dll","CodeFilePath":null,"LineNumber":0,"Properties":[{"Key":{"Id":"NUnit.Seed","Label":"Seed","Category":"","Description":"","Attributes":0,"ValueType":"System.String"},"Value":"1317606915"}]},"Attachments":[],"Outcome":1,"ErrorMessage":null,"ErrorStackTrace":null,"DisplayName":"GetJobResponseReturnsJobResponse","Messages":[],"ComputerName":"DESKTOP-NOENVJS","Duration":"00:00:00.0000300","StartTime":"2023-10-09T15:00:00.3772224+00:00","EndTime":"2023-10-09T15:00:00.3772527+00:00","Properties":[{"Key":{"Id":"NUnit.Seed","Label":"Seed","Category":"","Description":"","Attributes":0,"ValueType":"System.String"},"Value":"1317606915"}]},{"TestCase":{"Id":"8d869263-592e-cb1d-cbb3-a06589fd9636","FullyQualifiedName":"OhpenApi.Tests.BatchJobServiceTests.ProcessCustomerTransactionsBatchJobCompletesWithNoErrors","DisplayName":"ProcessCustomerTransactionsBatchJobCompletesWithNoErrors","ExecutorUri":"executor://NUnit3TestExecutor","Source":"C:\\Users\\Jack.Boston\\source\\repos\\OhpenApi\\OhpenApi.Tests\\bin\\Debug\\net6.0\\fine-code-coverage\\build-output\\OhpenApi.Tests.dll","CodeFilePath":null,"LineNumber":0,"Properties":[{"Key":{"Id":"NUnit.Seed","Label":"Seed","Category":"","Description":"","Attributes":0,"ValueType":"System.String"},"Value":"1934010736"}]},"Attachments":[],"Outcome":1,"ErrorMessage":null,"ErrorStackTrace":null,"DisplayName":"ProcessCustomerTransactionsBatchJobCompletesWithNoErrors","Messages":[],"ComputerName":"DESKTOP-NOENVJS","Duration":"00:00:00.0018260","StartTime":"2023-10-09T15:00:00.3772594+00:00","EndTime":"2023-10-09T15:00:00.3790852+00:00","Properties":[{"Key":{"Id":"NUnit.Seed","Label":"Seed","Category":"","Description":"","Attributes":0,"ValueType":"System.String"},"Value":"1934010736"}]},{"TestCase":{"Id":"ed41bfb9-f885-cddf-46bd-05d151a8fff3","FullyQualifiedName":"OhpenApi.Tests.BatchJobServiceTests.ProcessCustomerTransactionsBatchWithErrors","DisplayName":"ProcessCustomerTransactionsBatchWithErrors","ExecutorUri":"executor://NUnit3TestExecutor","Source":"C:\\Users\\Jack.Boston\\source\\repos\\OhpenApi\\OhpenApi.Tests\\bin\\Debug\\net6.0\\fine-code-coverage\\build-output\\OhpenApi.Tests.dll","CodeFilePath":null,"LineNumber":0,"Properties":[{"Key":{"Id":"NUnit.Seed","Label":"Seed","Category":"","Description":"","Attributes":0,"ValueType":"System.String"},"Value":"1699265841"}]},"Attachments":[],"Outcome":1,"ErrorMessage":null,"ErrorStackTrace":null,"DisplayName":"ProcessCustomerTransactionsBatchWithErrors","Messages":[],"ComputerName":"DESKTOP-NOENVJS","Duration":"00:00:00.0230510","StartTime":"2023-10-09T15:00:00.3791112+00:00","EndTime":"2023-10-09T15:00:00.4021615+00:00","Properties":[{"Key":{"Id":"NUnit.Seed","Label":"Seed","Category":"","Description":"","Attributes":0,"ValueType":"System.String"},"Value":"1699265841"}]},{"TestCase":{"Id":"bb08ec2a-418a-f987-da5b-f5ca0b638e96","FullyQualifiedName":"OhpenApi.Tests.BulkJobServiceTests.GetJobLogseReturnsError","DisplayName":"GetJobLogseReturnsError","ExecutorUri":"executor://NUnit3TestExecutor","Source":"C:\\Users\\Jack.Boston\\source\\repos\\OhpenApi\\OhpenApi.Tests\\bin\\Debug\\net6.0\\fine-code-coverage\\build-output\\OhpenApi.Tests.dll","CodeFilePath":null,"LineNumber":0,"Properties":[{"Key":{"Id":"NUnit.Seed","Label":"Seed","Category":"","Description":"","Attributes":0,"ValueType":"System.String"},"Value":"613279534"}]},"Attachments":[],"Outcome":1,"ErrorMessage":null,"ErrorStackTrace":null,"DisplayName":"GetJobLogseReturnsError","Messages":[],"ComputerName":"DESKTOP-NOENVJS","Duration":"00:00:00.0002180","StartTime":"2023-10-09T15:00:00.4023581+00:00","EndTime":"2023-10-09T15:00:00.4025764+00:00","Properties":[{"Key":{"Id":"NUnit.Seed","Label":"Seed","Category":"","Description":"","Attributes":0,"ValueType":"System.String"},"Value":"613279534"}]},{"TestCase":{"Id":"e64f99dd-d6f9-808e-6121-626fe9d4f8f5","FullyQualifiedName":"OhpenApi.Tests.BulkJobServiceTests.GetJobLogseReturnsLogResponse","DisplayName":"GetJobLogseReturnsLogResponse","ExecutorUri":"executor://NUnit3TestExecutor","Source":"C:\\Users\\Jack.Boston\\source\\repos\\OhpenApi\\OhpenApi.Tests\\bin\\Debug\\net6.0\\fine-code-coverage\\build-output\\OhpenApi.Tests.dll","CodeFilePath":null,"LineNumber":0,"Properties":[{"Key":{"Id":"NUnit.Seed","Label":"Seed","Category":"","Description":"","Attributes":0,"ValueType":"System.String"},"Value":"1900832573"}]},"Attachments":[],"Outcome":1,"ErrorMessage":null,"ErrorStackTrace":null,"DisplayName":"GetJobLogseReturnsLogResponse","Messages":[],"ComputerName":"DESKTOP-NOENVJS","Duration":"00:00:00.0000240","StartTime":"2023-10-09T15:00:00.4025867+00:00","EndTime":"2023-10-09T15:00:00.4026105+00:00","Properties":[{"Key":{"Id":"NUnit.Seed","Label":"Seed","Category":"","Description":"","Attributes":0,"ValueType":"System.String"},"Value":"1900832573"}]}],"TestRunStatistics":{"ExecutedTests":18,"Stats":{"Passed":18}},"ActiveTests":[{"Id":"89e78513-f588-3857-6e44-5357dce0bca3","FullyQualifiedName":"OhpenApi.Tests.BulkJobServiceTests.GetJobResponseReturnsError","DisplayName":"GetJobResponseReturnsError","ExecutorUri":"executor://NUnit3TestExecutor","Source":"C:\\Users\\Jack.Boston\\source\\repos\\OhpenApi\\OhpenApi.Tests\\bin\\Debug\\net6.0\\fine-code-coverage\\build-output\\OhpenApi.Tests.dll","CodeFilePath":null,"LineNumber":0,"Properties":[{"Key":{"Id":"NUnit.Seed","Label":"Seed","Category":"","Description":"","Attributes":0,"ValueType":"System.String"},"Value":"490108216"}]}]}}
TpTrace Verbose: 0 : 55724, 12, 2023/10/09, 16:00:00.475, 3935837601492, vstest.console.dll, TestRunRequest:SendTestRunStatsChange: Starting.
TpTrace Verbose: 0 : 55724, 12, 2023/10/09, 16:00:00.476, 3935837602795, vstest.console.dll, InProgress is GetJobResponseReturnsError
TpTrace Verbose: 0 : 55724, 12, 2023/10/09, 16:00:00.476, 3935837604021, vstest.console.dll, MulticastDelegateUtilities.SafeInvoke: TestRun.RunStatsChanged: Invoking callbacks was skipped because there are no subscribers.
TpTrace Verbose: 0 : 55724, 4, 2023/10/09, 16:00:00.476, 3935837606005, vstest.console.dll, MulticastDelegateUtilities.SafeInvoke: InternalTestLoggerEvents.SendTestResult: Invoking callback 1/1 for Microsoft.VisualStudio.TestPlatform.CommandLine.Internal.ConsoleLogger., took 4 ms.
TpTrace Information: 0 : 55724, 12, 2023/10/09, 16:00:00.476, 3935837606402, vstest.console.dll, TestRunRequest:SendTestRunStatsChange: Completed.
TpTrace Verbose: 0 : 55724, 12, 2023/10/09, 16:00:00.476, 3935837608024, vstest.console.dll, MulticastDelegateUtilities.SafeInvoke: LengthPrefixCommunicationChannel: MessageReceived: Invoking callback 1/1 for Microsoft.VisualStudio.TestPlatform.CommunicationUtilities.TestRequestSender+<>c__DisplayClass34_0., took 3 ms.
TpTrace Verbose: 0 : 55724, 12, 2023/10/09, 16:00:00.476, 3935837608506, vstest.console.dll, TcpClientExtensions.MessageLoopAsync: Polling on remoteEndPoint: 127.0.0.1:59031 localEndPoint: 127.0.0.1:59030
TpTrace Verbose: 0 : 55724, 4, 2023/10/09, 16:00:00.477, 3935837615176, vstest.console.dll, MulticastDelegateUtilities.SafeInvoke: InternalTestLoggerEvents.SendTestResult: Invoking callback 1/1 for Microsoft.VisualStudio.TestPlatform.CommandLine.Internal.ConsoleLogger., took 0 ms.
TpTrace Verbose: 0 : 55724, 4, 2023/10/09, 16:00:00.477, 3935837617947, vstest.console.dll, MulticastDelegateUtilities.SafeInvoke: InternalTestLoggerEvents.SendTestResult: Invoking callback 1/1 for Microsoft.VisualStudio.TestPlatform.CommandLine.Internal.ConsoleLogger., took 0 ms.
TpTrace Verbose: 0 : 55724, 4, 2023/10/09, 16:00:00.477, 3935837618860, vstest.console.dll, MulticastDelegateUtilities.SafeInvoke: InternalTestLoggerEvents.SendTestResult: Invoking callback 1/1 for Microsoft.VisualStudio.TestPlatform.CommandLine.Internal.ConsoleLogger., took 0 ms.
TpTrace Verbose: 0 : 55724, 4, 2023/10/09, 16:00:00.477, 3935837619697, vstest.console.dll, MulticastDelegateUtilities.SafeInvoke: InternalTestLoggerEvents.SendTestResult: Invoking callback 1/1 for Microsoft.VisualStudio.TestPlatform.CommandLine.Internal.ConsoleLogger., took 0 ms.
TpTrace Verbose: 0 : 55724, 4, 2023/10/09, 16:00:00.477, 3935837621354, vstest.console.dll, MulticastDelegateUtilities.SafeInvoke: InternalTestLoggerEvents.SendTestResult: Invoking callback 1/1 for Microsoft.VisualStudio.TestPlatform.CommandLine.Internal.ConsoleLogger., took 0 ms.
TpTrace Verbose: 0 : 55724, 4, 2023/10/09, 16:00:00.477, 3935837622310, vstest.console.dll, MulticastDelegateUtilities.SafeInvoke: InternalTestLoggerEvents.SendTestResult: Invoking callback 1/1 for Microsoft.VisualStudio.TestPlatform.CommandLine.Internal.ConsoleLogger., took 0 ms.
TpTrace Verbose: 0 : 55724, 4, 2023/10/09, 16:00:00.478, 3935837623179, vstest.console.dll, MulticastDelegateUtilities.SafeInvoke: InternalTestLoggerEvents.SendTestResult: Invoking callback 1/1 for Microsoft.VisualStudio.TestPlatform.CommandLine.Internal.ConsoleLogger., took 0 ms.
TpTrace Verbose: 0 : 55724, 4, 2023/10/09, 16:00:00.478, 3935837623889, vstest.console.dll, MulticastDelegateUtilities.SafeInvoke: InternalTestLoggerEvents.SendTestResult: Invoking callback 1/1 for Microsoft.VisualStudio.TestPlatform.CommandLine.Internal.ConsoleLogger., took 0 ms.
TpTrace Verbose: 0 : 55724, 4, 2023/10/09, 16:00:00.478, 3935837624495, vstest.console.dll, MulticastDelegateUtilities.SafeInvoke: InternalTestLoggerEvents.SendTestResult: Invoking callback 1/1 for Microsoft.VisualStudio.TestPlatform.CommandLine.Internal.ConsoleLogger., took 0 ms.
TpTrace Verbose: 0 : 55724, 4, 2023/10/09, 16:00:00.478, 3935837625095, vstest.console.dll, MulticastDelegateUtilities.SafeInvoke: InternalTestLoggerEvents.SendTestResult: Invoking callback 1/1 for Microsoft.VisualStudio.TestPlatform.CommandLine.Internal.ConsoleLogger., took 0 ms.
TpTrace Verbose: 0 : 55724, 4, 2023/10/09, 16:00:00.478, 3935837625711, vstest.console.dll, MulticastDelegateUtilities.SafeInvoke: InternalTestLoggerEvents.SendTestResult: Invoking callback 1/1 for Microsoft.VisualStudio.TestPlatform.CommandLine.Internal.ConsoleLogger., took 0 ms.
TpTrace Verbose: 0 : 55724, 4, 2023/10/09, 16:00:00.478, 3935837626714, vstest.console.dll, MulticastDelegateUtilities.SafeInvoke: InternalTestLoggerEvents.SendTestResult: Invoking callback 1/1 for Microsoft.VisualStudio.TestPlatform.CommandLine.Internal.ConsoleLogger., took 0 ms.
TpTrace Verbose: 0 : 55724, 4, 2023/10/09, 16:00:00.479, 3935837641184, vstest.console.dll, MulticastDelegateUtilities.SafeInvoke: InternalTestLoggerEvents.SendTestResult: Invoking callback 1/1 for Microsoft.VisualStudio.TestPlatform.CommandLine.Internal.ConsoleLogger., took 1 ms.
TpTrace Verbose: 0 : 55724, 4, 2023/10/09, 16:00:00.480, 3935837642722, vstest.console.dll, MulticastDelegateUtilities.SafeInvoke: InternalTestLoggerEvents.SendTestResult: Invoking callback 1/1 for Microsoft.VisualStudio.TestPlatform.CommandLine.Internal.ConsoleLogger., took 0 ms.
TpTrace Verbose: 0 : 55724, 4, 2023/10/09, 16:00:00.480, 3935837643422, vstest.console.dll, MulticastDelegateUtilities.SafeInvoke: InternalTestLoggerEvents.SendTestResult: Invoking callback 1/1 for Microsoft.VisualStudio.TestPlatform.CommandLine.Internal.ConsoleLogger., took 0 ms.
TpTrace Verbose: 0 : 55724, 4, 2023/10/09, 16:00:00.480, 3935837644047, vstest.console.dll, MulticastDelegateUtilities.SafeInvoke: InternalTestLoggerEvents.SendTestResult: Invoking callback 1/1 for Microsoft.VisualStudio.TestPlatform.CommandLine.Internal.ConsoleLogger., took 0 ms.
TpTrace Verbose: 0 : 55724, 4, 2023/10/09, 16:00:00.480, 3935837644611, vstest.console.dll, MulticastDelegateUtilities.SafeInvoke: InternalTestLoggerEvents.SendTestResult: Invoking callback 1/1 for Microsoft.VisualStudio.TestPlatform.CommandLine.Internal.ConsoleLogger., took 0 ms.
TpTrace Verbose: 0 : 55724, 12, 2023/10/09, 16:00:00.506, 3935837910789, vstest.console.dll, TcpClientExtensions.MessageLoopAsync: NotifyDataAvailable remoteEndPoint: 127.0.0.1:59031 localEndPoint: 127.0.0.1:59030
TpTrace Verbose: 0 : 55724, 12, 2023/10/09, 16:00:00.507, 3935837912961, vstest.console.dll, TestRequestSender.OnExecutionMessageReceived: Received message: {"Version":5,"MessageType":"TestSession.Message","Payload":{"MessageLevel":0,"Message":"NUnit Adapter 4.2.0.0: Test execution complete"}}
TpTrace Verbose: 0 : 55724, 12, 2023/10/09, 16:00:00.507, 3935837914807, vstest.console.dll, TestRunRequest:SendTestRunMessage: Starting.
TpTrace Verbose: 0 : 55724, 12, 2023/10/09, 16:00:00.507, 3935837916612, vstest.console.dll, MulticastDelegateUtilities.SafeInvoke: TestRun.LogMessages: Invoking callback 1/1 for Microsoft.VisualStudio.TestPlatform.CommandLine.TestRunResultAggregator., took 0 ms.
TpTrace Verbose: 0 : 55724, 4, 2023/10/09, 16:00:00.507, 3935837916608, vstest.console.dll, MulticastDelegateUtilities.SafeInvoke: InternalTestLoggerEvents.SendTestRunMessage: Invoking callback 1/1 for Microsoft.VisualStudio.TestPlatform.CommandLine.Internal.ConsoleLogger., took 0 ms.
TpTrace Information: 0 : 55724, 12, 2023/10/09, 16:00:00.507, 3935837917324, vstest.console.dll, TestRunRequest:SendTestRunMessage: Completed.
TpTrace Verbose: 0 : 55724, 12, 2023/10/09, 16:00:00.507, 3935837918546, vstest.console.dll, MulticastDelegateUtilities.SafeInvoke: LengthPrefixCommunicationChannel: MessageReceived: Invoking callback 1/1 for Microsoft.VisualStudio.TestPlatform.CommunicationUtilities.TestRequestSender+<>c__DisplayClass34_0., took 0 ms.
TpTrace Verbose: 0 : 55724, 12, 2023/10/09, 16:00:00.507, 3935837919082, vstest.console.dll, TcpClientExtensions.MessageLoopAsync: Polling on remoteEndPoint: 127.0.0.1:59031 localEndPoint: 127.0.0.1:59030
TpTrace Verbose: 0 : 55724, 12, 2023/10/09, 16:00:00.528, 3935838124231, vstest.console.dll, TcpClientExtensions.MessageLoopAsync: NotifyDataAvailable remoteEndPoint: 127.0.0.1:59031 localEndPoint: 127.0.0.1:59030
TpTrace Verbose: 0 : 55724, 12, 2023/10/09, 16:00:00.528, 3935838127829, vstest.console.dll, TestRequestSender.OnExecutionMessageReceived: Received message: {"Version":5,"MessageType":"TestExecution.Completed","Payload":{"TestRunCompleteArgs":{"TestRunStatistics":{"ExecutedTests":27,"Stats":{"Passed":27}},"IsCanceled":false,"IsAborted":false,"Error":null,"AttachmentSets":[],"ElapsedTimeInRunningTests":"00:00:00.7541874","Metrics":{}},"LastRunTests":{"NewTestResults":[{"TestCase":{"Id":"89e78513-f588-3857-6e44-5357dce0bca3","FullyQualifiedName":"OhpenApi.Tests.BulkJobServiceTests.GetJobResponseReturnsError","DisplayName":"GetJobResponseReturnsError","ExecutorUri":"executor://NUnit3TestExecutor","Source":"C:\\Users\\Jack.Boston\\source\\repos\\OhpenApi\\OhpenApi.Tests\\bin\\Debug\\net6.0\\fine-code-coverage\\build-output\\OhpenApi.Tests.dll","CodeFilePath":null,"LineNumber":0,"Properties":[{"Key":{"Id":"NUnit.Seed","Label":"Seed","Category":"","Description":"","Attributes":0,"ValueType":"System.String"},"Value":"490108216"}]},"Attachments":[],"Outcome":1,"ErrorMessage":null,"ErrorStackTrace":null,"DisplayName":"GetJobResponseReturnsError","Messages":[],"ComputerName":"DESKTOP-NOENVJS","Duration":"00:00:00.0000180","StartTime":"2023-10-09T15:00:00.402615+00:00","EndTime":"2023-10-09T15:00:00.4026328+00:00","Properties":[{"Key":{"Id":"NUnit.Seed","Label":"Seed","Category":"","Description":"","Attributes":0,"ValueType":"System.String"},"Value":"490108216"}]},{"TestCase":{"Id":"e7dd4609-94a6-97ad-81cc-9c3b103b12e5","FullyQualifiedName":"OhpenApi.Tests.BulkJobServiceTests.GetJobResponseReturnsJobResponse","DisplayName":"GetJobResponseReturnsJobResponse","ExecutorUri":"executor://NUnit3TestExecutor","Source":"C:\\Users\\Jack.Boston\\source\\repos\\OhpenApi\\OhpenApi.Tests\\bin\\Debug\\net6.0\\fine-code-coverage\\build-output\\OhpenApi.Tests.dll","CodeFilePath":null,"LineNumber":0,"Properties":[{"Key":{"Id":"NUnit.Seed","Label":"Seed","Category":"","Description":"","Attributes":0,"ValueType":"System.String"},"Value":"254301180"}]},"Attachments":[],"Outcome":1,"ErrorMessage":null,"ErrorStackTrace":null,"DisplayName":"GetJobResponseReturnsJobResponse","Messages":[],"ComputerName":"DESKTOP-NOENVJS","Duration":"00:00:00.0000160","StartTime":"2023-10-09T15:00:00.4026371+00:00","EndTime":"2023-10-09T15:00:00.4026532+00:00","Properties":[{"Key":{"Id":"NUnit.Seed","Label":"Seed","Category":"","Description":"","Attributes":0,"ValueType":"System.String"},"Value":"254301180"}]},{"TestCase":{"Id":"977ddc3c-4f8c-d148-6727-68000484d625","FullyQualifiedName":"OhpenApi.Tests.BulkJobServiceTests.ProcessCustomerTransactionsBulkCompletesWithErrors","DisplayName":"ProcessCustomerTransactionsBulkCompletesWithErrors","ExecutorUri":"executor://NUnit3TestExecutor","Source":"C:\\Users\\Jack.Boston\\source\\repos\\OhpenApi\\OhpenApi.Tests\\bin\\Debug\\net6.0\\fine-code-coverage\\build-output\\OhpenApi.Tests.dll","CodeFilePath":null,"LineNumber":0,"Properties":[{"Key":{"Id":"NUnit.Seed","Label":"Seed","Category":"","Description":"","Attributes":0,"ValueType":"System.String"},"Value":"1932983972"}]},"Attachments":[],"Outcome":1,"ErrorMessage":null,"ErrorStackTrace":null,"DisplayName":"ProcessCustomerTransactionsBulkCompletesWithErrors","Messages":[],"ComputerName":"DESKTOP-NOENVJS","Duration":"00:00:00.0004000","StartTime":"2023-10-09T15:00:00.4026575+00:00","EndTime":"2023-10-09T15:00:00.4030571+00:00","Properties":[{"Key":{"Id":"NUnit.Seed","Label":"Seed","Category":"","Description":"","Attributes":0,"ValueType":"System.String"},"Value":"1932983972"}]},{"TestCase":{"Id":"dc471eb1-7a75-a80f-3231-060f6f52fc84","FullyQualifiedName":"OhpenApi.Tests.BulkJobServiceTests.ProcessCustomerTransactionsBulkJobCompletesWithNoErrors","DisplayName":"ProcessCustomerTransactionsBulkJobCompletesWithNoErrors","ExecutorUri":"executor://NUnit3TestExecutor","Source":"C:\\Users\\Jack.Boston\\source\\repos\\OhpenApi\\OhpenApi.Tests\\bin\\Debug\\net6.0\\fine-code-coverage\\build-output\\OhpenApi.Tests.dll","CodeFilePath":null,"LineNumber":0,"Properties":[{"Key":{"Id":"NUnit.Seed","Label":"Seed","Category":"","Description":"","Attributes":0,"ValueType":"System.String"},"Value":"903224756"}]},"Attachments":[],"Outcome":1,"ErrorMessage":null,"ErrorStackTrace":null,"DisplayName":"ProcessCustomerTransactionsBulkJobCompletesWithNoErrors","Messages":[],"ComputerName":"DESKTOP-NOENVJS","Duration":"00:00:00.0002200","StartTime":"2023-10-09T15:00:00.4030664+00:00","EndTime":"2023-10-09T15:00:00.4032859+00:00","Properties":[{"Key":{"Id":"NUnit.Seed","Label":"Seed","Category":"","Description":"","Attributes":0,"ValueType":"System.String"},"Value":"903224756"}]},{"TestCase":{"Id":"246fba5f-9161-9a19-f322-f5cd8900989f","FullyQualifiedName":"OhpenApi.Tests.JobServiceHelperMethodTests.AddErrorDescriptionShouldAddCorrectErrorDescriptions","DisplayName":"AddErrorDescriptionShouldAddCorrectErrorDescriptions","ExecutorUri":"executor://NUnit3TestExecutor","Source":"C:\\Users\\Jack.Boston\\source\\repos\\OhpenApi\\OhpenApi.Tests\\bin\\Debug\\net6.0\\fine-code-coverage\\build-output\\OhpenApi.Tests.dll","CodeFilePath":null,"LineNumber":0,"Properties":[{"Key":{"Id":"NUnit.Seed","Label":"Seed","Category":"","Description":"","Attributes":0,"ValueType":"System.String"},"Value":"467131972"}]},"Attachments":[],"Outcome":1,"ErrorMessage":null,"ErrorStackTrace":null,"DisplayName":"AddErrorDescriptionShouldAddCorrectErrorDescriptions","Messages":[],"ComputerName":"DESKTOP-NOENVJS","Duration":"00:00:00.0002470","StartTime":"2023-10-09T15:00:00.4033755+00:00","EndTime":"2023-10-09T15:00:00.4036226+00:00","Properties":[{"Key":{"Id":"NUnit.Seed","Label":"Seed","Category":"","Description":"","Attributes":0,"ValueType":"System.String"},"Value":"467131972"}]},{"TestCase":{"Id":"1363b3fe-77f3-d045-fcd7-d326734aa2b1","FullyQualifiedName":"OhpenApi.Tests.JobServiceHelperMethodTests.AddErrorDescriptionShouldAddNoErrorDescriptions","DisplayName":"AddErrorDescriptionShouldAddNoErrorDescriptions","ExecutorUri":"executor://NUnit3TestExecutor","Source":"C:\\Users\\Jack.Boston\\source\\repos\\OhpenApi\\OhpenApi.Tests\\bin\\Debug\\net6.0\\fine-code-coverage\\build-output\\OhpenApi.Tests.dll","CodeFilePath":null,"LineNumber":0,"Properties":[{"Key":{"Id":"NUnit.Seed","Label":"Seed","Category":"","Description":"","Attributes":0,"ValueType":"System.String"},"Value":"578248860"}]},"Attachments":[],"Outcome":1,"ErrorMessage":null,"ErrorStackTrace":null,"DisplayName":"AddErrorDescriptionShouldAddNoErrorDescriptions","Messages":[],"ComputerName":"DESKTOP-NOENVJS","Duration":"00:00:00.0001270","StartTime":"2023-10-09T15:00:00.4036399+00:00","EndTime":"2023-10-09T15:00:00.4037664+00:00","Properties":[{"Key":{"Id":"NUnit.Seed","Label":"Seed","Category":"","Description":"","Attributes":0,"ValueType":"System.String"},"Value":"578248860"}]},{"TestCase":{"Id":"8788d2a8-2eba-1b31-5b4e-9761b6b2b5eb","FullyQualifiedName":"OhpenApi.Tests.JobServiceHelperMethodTests.ServiceSwitchReturnsBaseJob","DisplayName":"ServiceSwitchReturnsBaseJob","ExecutorUri":"executor://NUnit3TestExecutor","Source":"C:\\Users\\Jack.Boston\\source\\repos\\OhpenApi\\OhpenApi.Tests\\bin\\Debug\\net6.0\\fine-code-coverage\\build-output\\OhpenApi.Tests.dll","CodeFilePath":null,"LineNumber":0,"Properties":[{"Key":{"Id":"NUnit.Seed","Label":"Seed","Category":"","Description":"","Attributes":0,"ValueType":"System.String"},"Value":"212422916"}]},"Attachments":[],"Outcome":1,"ErrorMessage":null,"ErrorStackTrace":null,"DisplayName":"ServiceSwitchReturnsBaseJob","Messages":[],"ComputerName":"DESKTOP-NOENVJS","Duration":"00:00:00.0001190","StartTime":"2023-10-09T15:00:00.4037743+00:00","EndTime":"2023-10-09T15:00:00.4038936+00:00","Properties":[{"Key":{"Id":"NUnit.Seed","Label":"Seed","Category":"","Description":"","Attributes":0,"ValueType":"System.String"},"Value":"212422916"}]},{"TestCase":{"Id":"6a1ecb67-5640-a17e-3ec8-5f06eb9b8c1f","FullyQualifiedName":"OhpenApi.Tests.JobServiceHelperMethodTests.ServiceSwitchReturnsBatchJob","DisplayName":"ServiceSwitchReturnsBatchJob","ExecutorUri":"executor://NUnit3TestExecutor","Source":"C:\\Users\\Jack.Boston\\source\\repos\\OhpenApi\\OhpenApi.Tests\\bin\\Debug\\net6.0\\fine-code-coverage\\build-output\\OhpenApi.Tests.dll","CodeFilePath":null,"LineNumber":0,"Properties":[{"Key":{"Id":"NUnit.Seed","Label":"Seed","Category":"","Description":"","Attributes":0,"ValueType":"System.String"},"Value":"1562976348"}]},"Attachments":[],"Outcome":1,"ErrorMessage":null,"ErrorStackTrace":null,"DisplayName":"ServiceSwitchReturnsBatchJob","Messages":[],"ComputerName":"DESKTOP-NOENVJS","Duration":"00:00:00.0000640","StartTime":"2023-10-09T15:00:00.4039002+00:00","EndTime":"2023-10-09T15:00:00.4039643+00:00","Properties":[{"Key":{"Id":"NUnit.Seed","Label":"Seed","Category":"","Description":"","Attributes":0,"ValueType":"System.String"},"Value":"1562976348"}]},{"TestCase":{"Id":"6584192d-85ae-2241-875e-e6d073c9ed62","FullyQualifiedName":"OhpenApi.Tests.JobServiceHelperMethodTests.ServiceSwitchReturnsBulkJob","DisplayName":"ServiceSwitchReturnsBulkJob","ExecutorUri":"executor://NUnit3TestExecutor","Source":"C:\\Users\\Jack.Boston\\source\\repos\\OhpenApi\\OhpenApi.Tests\\bin\\Debug\\net6.0\\fine-code-coverage\\build-output\\OhpenApi.Tests.dll","CodeFilePath":null,"LineNumber":0,"Properties":[{"Key":{"Id":"NUnit.Seed","Label":"Seed","Category":"","Description":"","Attributes":0,"ValueType":"System.String"},"Value":"877758995"}]},"Attachments":[],"Outcome":1,"ErrorMessage":null,"ErrorStackTrace":null,"DisplayName":"ServiceSwitchReturnsBulkJob","Messages":[],"ComputerName":"DESKTOP-NOENVJS","Duration":"00:00:00.0000670","StartTime":"2023-10-09T15:00:00.4039704+00:00","EndTime":"2023-10-09T15:00:00.4040374+00:00","Properties":[{"Key":{"Id":"NUnit.Seed","Label":"Seed","Category":"","Description":"","Attributes":0,"ValueType":"System.String"},"Value":"877758995"}]}],"TestRunStatistics":{"ExecutedTests":27,"Stats":{"Passed":27}},"ActiveTests":[]},"RunAttachments":[],"ExecutorUris":["executor://nunit3testexecutor/"]}}
TpTrace Verbose: 0 : 55724, 12, 2023/10/09, 16:00:00.528, 3935838129634, vstest.console.dll, TestRequestSender.EndSession: Sending end session.
TpTrace Verbose: 0 : 55724, 12, 2023/10/09, 16:00:00.528, 3935838131959, vstest.console.dll, ProxyOperationManager.Close: waiting for test host to exit for 100 ms
TpTrace Warning: 0 : 55724, 11, 2023/10/09, 16:00:00.584, 3935838691564, vstest.console.dll, TestHostManagerCallbacks.ErrorReceivedCallback Test host standard error line: 
TpTrace Verbose: 0 : 55724, 11, 2023/10/09, 16:00:00.598, 3935838825515, vstest.console.dll, TestHostProvider.ExitCallBack: Host exited starting callback.
TpTrace Information: 0 : 55724, 11, 2023/10/09, 16:00:00.598, 3935838828684, vstest.console.dll, TestHostManagerCallbacks.ExitCallBack: Testhost processId: 57480 exited with exitcode: 0 error: ''
TpTrace Verbose: 0 : 55724, 11, 2023/10/09, 16:00:00.598, 3935838829758, vstest.console.dll, DotnetTestHostManager.OnHostExited: invoking OnHostExited callback
TpTrace Verbose: 0 : 55724, 11, 2023/10/09, 16:00:00.598, 3935838830454, vstest.console.dll, CrossPlatEngine.TestHostManagerHostExited: calling on client process exit callback.
TpTrace Information: 0 : 55724, 11, 2023/10/09, 16:00:00.598, 3935838831097, vstest.console.dll, TestRequestSender.OnClientProcessExit: Test host process exited. Standard error: 
TpTrace Information: 0 : 55724, 11, 2023/10/09, 16:00:00.598, 3935838831584, vstest.console.dll, SocketServer.Stop: Stop server endPoint: 127.0.0.1:59030
TpTrace Information: 0 : 55724, 11, 2023/10/09, 16:00:00.598, 3935838831975, vstest.console.dll, SocketServer.Stop: Cancellation requested. Stopping message loop.
TpTrace Information: 0 : 55724, 12, 2023/10/09, 16:00:00.598, 3935838832551, vstest.console.dll, SocketServer.Stop: Stop server endPoint: 127.0.0.1:59030
TpTrace Verbose: 0 : 55724, 11, 2023/10/09, 16:00:00.599, 3935838833380, vstest.console.dll, MulticastDelegateUtilities.SafeInvoke: HostProviderEvents.OnHostExited: Invoking callback 1/1 for Microsoft.VisualStudio.TestPlatform.CrossPlatEngine.Client.ProxyOperationManager., took 0 ms.
TpTrace Information: 0 : 55724, 12, 2023/10/09, 16:00:00.599, 3935838833285, vstest.console.dll, SocketServer.Stop: Cancellation requested. Stopping message loop.
TpTrace Information: 0 : 55724, 12, 2023/10/09, 16:00:00.599, 3935838835652, vstest.console.dll, Closing the connection
TpTrace Verbose: 0 : 55724, 12, 2023/10/09, 16:00:00.599, 3935838841813, vstest.console.dll, ProxyDataCollectionManager.InvokeDataCollectionServiceAction: Starting.
TpTrace Information: 0 : 55724, 12, 2023/10/09, 16:00:00.600, 3935838842673, vstest.console.dll, ProxyDataCollectionManager.AfterTestRunEnd: Get attachment set and invoked data collectors processId: 26432 port: 59026
TpTrace Verbose: 0 : 55724, 12, 2023/10/09, 16:00:00.600, 3935838843362, vstest.console.dll, DataCollectionRequestSender.SendAfterTestRunStartAndGetResult: Send AfterTestRunEnd message with isCancelled: False
TpTrace Verbose: 0 : 55724, 12, 2023/10/09, 16:00:00.609, 3935838936610, vstest.console.dll, DataCollectionRequestSender.SendAfterTestRunStartAndGetResult: Received message: (DataCollection.AfterTestRunEndResult) -> {"MessageType":"DataCollection.AfterTestRunEndResult","Payload":{"AttachmentSets":[],"InvokedDataCollectors":[{"Uri":"datacollector://Microsoft/TestPlatform/Extensions/Blame/v1","FriendlyName":"Blame","AssemblyQualifiedName":"Microsoft.TestPlatform.Extensions.BlameDataCollector.BlameCollector, Microsoft.TestPlatform.Extensions.BlameDataCollector, Version=15.0.0.0, Culture=neutral, PublicKeyToken=b03f5f7f11d50a3a","FilePath":"C:\\Program Files\\dotnet\\sdk\\7.0.200\\Extensions\\Microsoft.TestPlatform.Extensions.BlameDataCollector.dll","HasAttachmentProcessor":false}],"Metrics":{}}}
TpTrace Information: 0 : 55724, 12, 2023/10/09, 16:00:00.616, 3935839004730, vstest.console.dll, ProxyDataCollectionManager.InvokeDataCollectionServiceAction: Completed.
TpTrace Warning: 0 : 55724, 9, 2023/10/09, 16:00:00.617, 3935839018108, vstest.console.dll, DataCollectionLauncher.ErrorReceivedCallback datacollector standard error line: 
TpTrace Information: 0 : 55724, 9, 2023/10/09, 16:00:00.626, 3935839108702, vstest.console.dll, DataCollectionLauncher.ExitCallBack: Data collector exited with exitcode: 0 error: ''
TpTrace Verbose: 0 : 55724, 12, 2023/10/09, 16:00:00.664, 3935839491830, vstest.console.dll, TestRunRequest:SendTestRunStatsChange: Starting.
TpTrace Verbose: 0 : 55724, 12, 2023/10/09, 16:00:00.665, 3935839494378, vstest.console.dll, MulticastDelegateUtilities.SafeInvoke: TestRun.RunStatsChanged: Invoking callbacks was skipped because there are no subscribers.
TpTrace Verbose: 0 : 55724, 4, 2023/10/09, 16:00:00.665, 3935839495065, vstest.console.dll, MulticastDelegateUtilities.SafeInvoke: InternalTestLoggerEvents.SendTestResult: Invoking callback 1/1 for Microsoft.VisualStudio.TestPlatform.CommandLine.Internal.ConsoleLogger., took 0 ms.
TpTrace Information: 0 : 55724, 12, 2023/10/09, 16:00:00.665, 3935839495367, vstest.console.dll, TestRunRequest:SendTestRunStatsChange: Completed.
TpTrace Verbose: 0 : 55724, 4, 2023/10/09, 16:00:00.665, 3935839496455, vstest.console.dll, MulticastDelegateUtilities.SafeInvoke: InternalTestLoggerEvents.SendTestResult: Invoking callback 1/1 for Microsoft.VisualStudio.TestPlatform.CommandLine.Internal.ConsoleLogger., took 0 ms.
TpTrace Verbose: 0 : 55724, 4, 2023/10/09, 16:00:00.665, 3935839497111, vstest.console.dll, MulticastDelegateUtilities.SafeInvoke: InternalTestLoggerEvents.SendTestResult: Invoking callback 1/1 for Microsoft.VisualStudio.TestPlatform.CommandLine.Internal.ConsoleLogger., took 0 ms.
TpTrace Verbose: 0 : 55724, 4, 2023/10/09, 16:00:00.665, 3935839497567, vstest.console.dll, MulticastDelegateUtilities.SafeInvoke: InternalTestLoggerEvents.SendTestResult: Invoking callback 1/1 for Microsoft.VisualStudio.TestPlatform.CommandLine.Internal.ConsoleLogger., took 0 ms.
TpTrace Verbose: 0 : 55724, 4, 2023/10/09, 16:00:00.665, 3935839498005, vstest.console.dll, MulticastDelegateUtilities.SafeInvoke: InternalTestLoggerEvents.SendTestResult: Invoking callback 1/1 for Microsoft.VisualStudio.TestPlatform.CommandLine.Internal.ConsoleLogger., took 0 ms.
TpTrace Verbose: 0 : 55724, 4, 2023/10/09, 16:00:00.665, 3935839498517, vstest.console.dll, MulticastDelegateUtilities.SafeInvoke: InternalTestLoggerEvents.SendTestResult: Invoking callback 1/1 for Microsoft.VisualStudio.TestPlatform.CommandLine.Internal.ConsoleLogger., took 0 ms.
TpTrace Verbose: 0 : 55724, 4, 2023/10/09, 16:00:00.665, 3935839498973, vstest.console.dll, MulticastDelegateUtilities.SafeInvoke: InternalTestLoggerEvents.SendTestResult: Invoking callback 1/1 for Microsoft.VisualStudio.TestPlatform.CommandLine.Internal.ConsoleLogger., took 0 ms.
TpTrace Verbose: 0 : 55724, 4, 2023/10/09, 16:00:00.665, 3935839499400, vstest.console.dll, MulticastDelegateUtilities.SafeInvoke: InternalTestLoggerEvents.SendTestResult: Invoking callback 1/1 for Microsoft.VisualStudio.TestPlatform.CommandLine.Internal.ConsoleLogger., took 0 ms.
TpTrace Verbose: 0 : 55724, 4, 2023/10/09, 16:00:00.665, 3935839500013, vstest.console.dll, MulticastDelegateUtilities.SafeInvoke: InternalTestLoggerEvents.SendTestResult: Invoking callback 1/1 for Microsoft.VisualStudio.TestPlatform.CommandLine.Internal.ConsoleLogger., took 0 ms.
TpTrace Verbose: 0 : 55724, 12, 2023/10/09, 16:00:00.666, 3935839502752, vstest.console.dll, ParallelProxyExecutionManager: HandlePartialRunComplete: Total completed clients = 1, Run complete = True, Run canceled: False.
TpTrace Verbose: 0 : 55724, 4, 2023/10/09, 16:00:00.683, 3935839673369, vstest.console.dll, MulticastDelegateUtilities.SafeInvoke: InternalTestLoggerEvents.SendTestRunComplete: Invoking callback 1/2 for Microsoft.TestPlatform.Extensions.BlameDataCollector.BlameLogger., took 0 ms.
TpTrace Verbose: 0 : 55724, 4, 2023/10/09, 16:00:00.690, 3935839749337, vstest.console.dll, MulticastDelegateUtilities.SafeInvoke: InternalTestLoggerEvents.SendTestRunComplete: Invoking callback 2/2 for Microsoft.VisualStudio.TestPlatform.CommandLine.Internal.ConsoleLogger., took 7 ms.
TpTrace Verbose: 0 : 55724, 12, 2023/10/09, 16:00:00.691, 3935839754394, vstest.console.dll, TestRunRequest:TestRunComplete: Starting. IsAborted:False IsCanceled:False.
TpTrace Verbose: 0 : 55724, 12, 2023/10/09, 16:00:00.693, 3935839775114, vstest.console.dll, TestLoggerManager.HandleTestRunComplete: Ignoring as the object is disposed.
TpTrace Verbose: 0 : 55724, 12, 2023/10/09, 16:00:00.693, 3935839778206, vstest.console.dll, MulticastDelegateUtilities.SafeInvoke: TestRun.TestRunComplete: Invoking callback 1/2 for Microsoft.VisualStudio.TestPlatform.CommandLine.TestRunResultAggregator., took 0 ms.
TpTrace Verbose: 0 : 55724, 12, 2023/10/09, 16:00:00.693, 3935839779986, vstest.console.dll, MulticastDelegateUtilities.SafeInvoke: TestRun.TestRunComplete: Invoking callback 2/2 for Microsoft.VisualStudio.TestPlatform.CommandLine.Processors.RunTestsArgumentExecutor+TestRunRequestEventsRegistrar., took 0 ms.
TpTrace Information: 0 : 55724, 12, 2023/10/09, 16:00:00.693, 3935839781721, vstest.console.dll, TestRunRequest:TestRunComplete: Completed.
TpTrace Verbose: 0 : 55724, 12, 2023/10/09, 16:00:00.694, 3935839782594, vstest.console.dll, TestRequestSender.SetOperationComplete: Setting operation complete.
TpTrace Verbose: 0 : 55724, 1, 2023/10/09, 16:00:00.693, 3935839782612, vstest.console.dll, TestRunRequest.Dispose: Starting.
TpTrace Information: 0 : 55724, 1, 2023/10/09, 16:00:00.694, 3935839784157, vstest.console.dll, TestRunRequest.Dispose: Completed.
TpTrace Information: 0 : 55724, 12, 2023/10/09, 16:00:00.694, 3935839784165, vstest.console.dll, SocketServer.Stop: Stop server endPoint: 127.0.0.1:59030
TpTrace Information: 0 : 55724, 1, 2023/10/09, 16:00:00.694, 3935839784990, vstest.console.dll, TestRequestManager.RunTests: run tests completed.
TpTrace Information: 0 : 55724, 12, 2023/10/09, 16:00:00.694, 3935839785513, vstest.console.dll, SocketServer.Stop: Cancellation requested. Stopping message loop.
TpTrace Verbose: 0 : 55724, 12, 2023/10/09, 16:00:00.694, 3935839787090, vstest.console.dll, MulticastDelegateUtilities.SafeInvoke: LengthPrefixCommunicationChannel: MessageReceived: Invoking callback 1/1 for Microsoft.VisualStudio.TestPlatform.CommunicationUtilities.TestRequestSender+<>c__DisplayClass34_0., took 165 ms.
TpTrace Information: 0 : 55724, 12, 2023/10/09, 16:00:00.694, 3935839787705, vstest.console.dll, SocketServer.PrivateStop: Stopping server endPoint: 127.0.0.1:59030 error: 
TpTrace Information: 0 : 55724, 1, 2023/10/09, 16:00:00.694, 3935839788150, vstest.console.dll, RunTestsArgumentProcessor:Execute: Test run is completed.
TpTrace Verbose: 0 : 55724, 1, 2023/10/09, 16:00:00.694, 3935839791409, vstest.console.dll, Executor.Execute: Exiting with exit code of 0
TpTrace Verbose: 0 : 55724, 12, 2023/10/09, 16:00:00.695, 3935839793242, vstest.console.dll, LengthPrefixCommunicationChannel.Dispose: Dispose reader and writer.
TpTrace Information: 0 : 55724, 12, 2023/10/09, 16:00:00.695, 3935839794263, vstest.console.dll, SocketServer.Stop: Raise disconnected event endPoint: 127.0.0.1:59030 error: 
TpTrace Verbose: 0 : 55724, 12, 2023/10/09, 16:00:00.695, 3935839795729, vstest.console.dll, TestRequestSender: OnTestRunAbort: Operation is already complete. Skip error message.
TpTrace Verbose: 0 : 55724, 12, 2023/10/09, 16:00:00.695, 3935839796369, vstest.console.dll, MulticastDelegateUtilities.SafeInvoke: SocketServer: ClientDisconnected: Invoking callback 1/1 for Microsoft.VisualStudio.TestPlatform.CommunicationUtilities.TestRequestSender., took 0 ms.
TpTrace Verbose: 0 : 55724, 12, 2023/10/09, 16:00:00.695, 3935839796699, vstest.console.dll, TcpClientExtensions.MessageLoopAsync: exiting MessageLoopAsync remoteEndPoint: 127.0.0.1:59031 localEndPoint: 127.0.0.1:59030
